MPASM 5.86             NEWPIC_8B_GENERAL.ASM   2-18-2022  16:42:12         PAGE  1


LOC  OBJECT CODE     LINE SOURCE TEXT
  VALUE

Warning[205]: Found directive in column 1. (LIST)
Warning[215]: Processor superseded by command line.  Verify processor symbol.
                      00001 LIST P=PIC18F4321   F=INHX32
                      00002 #include <p18f4321.inc>
                      00001         LIST
                      00002 
                      00003 ;==========================================================================
                      00004 ; Build date : Oct 24 2019
                      00005 ;  MPASM PIC18F4321 processor include
                      00006 ; 
                      00007 ;  (c) Copyright 1999-2019 Microchip Technology, All rights reserved
                      00008 ;==========================================================================
                      00009 
                      01455         LIST
                      00003 
                      00004     CONFIG OSC=HSPLL        
                      00005     CONFIG PBADEN=DIG       ;PORTB com a Digital (el posem a 0)
                      00006     CONFIG WDT=OFF          ;Desactivem el Watch Dog Timer
                      00007     CONFIG LVP=OFF          ;Evitar resets eusart
                      00008 ;--------------------------------DECLARACIO_VARS--------------------------------
  00000000            00009 SEVEN_SEG_C EQU 0X00
  00000001            00010 SEVEN_SEG_D EQU 0X01
  00000002            00011 SEVEN_SEG_E EQU 0X02
  00000003            00012 SEVEN_SEG_F EQU 0X03
  00000004            00013 SEVEN_SEG_G EQU 0X04
  00000005            00014 SEVEN_SEG_A EQU 0X05
  00000006            00015 SEVEN_SEG_B EQU 0X06
  00000007            00016 SEVEN_SEG_c EQU 0X07
  00000008            00017 tmp_timer EQU 0x08
  0000000A            00018 MODE_ACTUAL EQU 0x0A
                      00019  ; mode: (0s per defecte al init)
                      00020  ; b7[0:manual, 1:automatic]
                      00021  ; b6[0:no s'ha rebut la P encara pero estem en auto, 1:s'ha rebut la P]
                      00022  ; b5[0: mode manual joystick; 1: mode manual java]
                      00023  ;
  0000000B            00024 EUSART_INPUT EQU 0x0B
  0000000C            00025 tmp3 EQU 0x0C
  0000000D            00026 tmp4 EQU 0x0D
  0000000E            00027 VAR_CONVER EQU 0X0E
  0000000F            00028 VAR_COMP EQU 0X0F
  00000010            00029 PWM_VAR EQU 0X10
  00000011            00030 PWM_AUX EQU 0X11
  00000012            00031 COMPT_GRAUS EQU 0X12
                      00032 
                      00033 
                      00034 
                      00035 
                      00036 
                      00037     ORG 0x000
000000 EF?? F???      00038     GOTO MAIN
                      00039     ORG 0x008
000008 EF?? F???      00040     GOTO HIGH_RSI
                      00041     ORG 0x018
MPASM 5.86             NEWPIC_8B_GENERAL.ASM   2-18-2022  16:42:12         PAGE  2


LOC  OBJECT CODE     LINE SOURCE TEXT
  VALUE

000018 0011           00042     RETFIE FAST
                      00043 ;-----------------------------------HIGH_RSI------------------------------------
00001A                00044 HIGH_RSI
00001A B4F2           00045     BTFSC INTCON, TMR0IF, 0
00001C EC?? F???      00046     CALL ACTION_TMR 
000020 0011           00047     RETFIE FAST
                      00048 ;---------------------------------CONFIG I INITS--------------------------------
000022                00049 CONFIG_PORTS
000022 0E03           00050     MOVLW b'00000011'
000024 6E92           00051     MOVWF TRISA,0
000026 9489           00052     BCF LATA,2,0
000028 9689           00053     BCF LATA,3,0
                      00054     
00002A 8093           00055     BSF TRISB, 0, 0
00002C 8293           00056     BSF TRISB, 1, 0
00002E 8493           00057     BSF TRISB, 2, 0
000030 8693           00058     BSF TRISB, 3, 0
000032 8893           00059     BSF TRISB, 4, 0
                      00060     
000034 6A95           00061     CLRF TRISD,0
000036 6A8C           00062     CLRF LATD,0
                      00063     
000038 0EC0           00064     MOVLW b'11000000'
00003A 6E94           00065     MOVWF TRISC,0
00003C 6A8B           00066     CLRF LATC,0
00003E 0012           00067     RETURN
                      00068     
000040                00069 INIT_VARS
000040 0E33           00070     MOVLW b'00110011'
000042 6E00           00071     MOVWF SEVEN_SEG_C,0
000044 0E4F           00072     MOVLW b'01001111'
000046 6E01           00073     MOVWF SEVEN_SEG_D,0
000048 0E3B           00074     MOVLW b'00111011'
00004A 6E02           00075     MOVWF SEVEN_SEG_E,0
00004C 0E39           00076     MOVLW b'00111001'
00004E 6E03           00077     MOVWF SEVEN_SEG_F
000050 0E7E           00078     MOVLW b'01111110'
000052 6E04           00079     MOVWF SEVEN_SEG_G
000054 0E7D           00080     MOVLW b'01111101'
000056 6E05           00081     MOVWF SEVEN_SEG_A
000058 0E1F           00082     MOVLW b'00011111'
00005A 6E06           00083     MOVWF SEVEN_SEG_B
00005C 0E0B           00084     MOVLW b'00001011'
00005E 6E07           00085     MOVWF SEVEN_SEG_c
                      00086     
000060 6A0A           00087     CLRF MODE_ACTUAL,0
                      00088     
000062 0E27           00089     MOVLW .39
000064 6E10           00090     MOVWF PWM_VAR,0
000066 0012           00091     RETURN
                      00092     
000068                00093 INIT_EUSART
000068 98AC           00094     BCF TXSTA, 4, 0
MPASM 5.86             NEWPIC_8B_GENERAL.ASM   2-18-2022  16:42:12         PAGE  3


LOC  OBJECT CODE     LINE SOURCE TEXT
  VALUE

00006A 84AC           00095     BSF TXSTA, 2, 0
00006C 8EAB           00096     BSF RCSTA, 7, 0
00006E 88AB           00097     BSF RCSTA, 4, 0
000070 86B8           00098     BSF BAUDCON, 3, 0
000072 0E04           00099     MOVLW HIGH(.1040)  ;Carreguem baudrate de 9600
000074 6EB0           00100     MOVWF SPBRGH, 0
000076 0E10           00101     MOVLW LOW(.1040)
000078 6EAF           00102     MOVWF SPBRG, 0
00007A 0012           00103     RETURN     
                      00104     
00007C                00105 CONFIG_ADC
00007C 80C2           00106     BSF ADCON0, ADON, 0 ;Converter module enabled.
00007E 0E0D           00107     MOVLW b'00001101'  ;AN0 analog
000080 6EC1           00108     MOVWF ADCON1, 0
000082 9EC0           00109     BCF ADCON2, ADFM, 0 ;Left justified
000084 8AC0           00110     BSF ADCON2, 5, 0   ;Toquem aquests bits perqu? trigui m?s a convertir
000086 88C0           00111     BSF ADCON2, 4, 0
000088 84C0           00112     BSF ADCON2, 2, 0
00008A 80C0           00113     BSF ADCON2, 0, 0
00008C 0012           00114     RETURN    
00008E                00115 CONFIG_TIMER
00008E 0E91           00116     MOVLW b'10010001'
000090 6ED5           00117     MOVWF T0CON,0   
000092 EC?? F???      00118     CALL CARREGA_TIMER
000096 0012           00119     RETURN
000098                00120 CARREGA_TIMER
000098 0E3C           00121     MOVLW HIGH(.15536);;cada 20ms
00009A 6ED7           00122     MOVWF TMR0H,0
00009C 0EB0           00123     MOVLW LOW(.15536)
00009E 6ED6           00124     MOVWF TMR0L,0
0000A0 0012           00125     RETURN
0000A2                00126 CONFIG_INTERRUPTS
0000A2 0EE0           00127     MOVLW b'11100000'
0000A4 6EF2           00128     MOVWF INTCON,0
0000A6 9EF1           00129     BCF INTCON2,RBPU,0
                      00130     
0000A8 0012           00131     RETURN
                      00132     
                      00133 ;-----------------------------------FUNCIONS------------------------------------
                      00134 ;timer servo
0000AA                00135 ACTION_TMR
0000AA EC?? F???      00136     CALL CARREGA_TIMER;reiniciem el timer
0000AE 94F2           00137     BCF INTCON,TMR0IF,0;quan salti una interrupcio qualsevol, nomes tenim timer0 de moment
0000B0 EC?? F???      00138     CALL PWM
                      00139     
0000B4 0012           00140     RETURN
0000B6                00141 PWM
0000B6 C010 F011      00142     MOVFF PWM_VAR, PWM_AUX
0000BA 8489           00143     BSF LATA,2,0
Warning[207]: Found label after column 1. (LOOP_ESPERAPWM)
0000BC                00144     LOOP_ESPERAPWM
0000BC EC?? F???      00145         CALL ESPERA_GRAUS
0000C0 2E10           00146         DECFSZ PWM_VAR,1,0
MPASM 5.86             NEWPIC_8B_GENERAL.ASM   2-18-2022  16:42:12         PAGE  4


LOC  OBJECT CODE     LINE SOURCE TEXT
  VALUE

0000C2 EF?? F???      00147         GOTO LOOP_ESPERAPWM
0000C6 9489           00148     BCF LATA,2,0
0000C8 C011 F010      00149     MOVFF PWM_AUX, PWM_VAR
0000CC 0012           00150     RETURN
                      00151     
0000CE                00152 ESPERA_GRAUS
0000CE 0E29           00153     MOVLW .41 ;13us un sol grau, canviar a posicions
0000D0 6E12           00154     MOVWF COMPT_GRAUS,0
Warning[207]: Found label after column 1. (LOOP_GRAUS)
0000D2                00155     LOOP_GRAUS
0000D2 2E12           00156         DECFSZ COMPT_GRAUS,1,0
0000D4 EF?? F???      00157         GOTO LOOP_GRAUS
0000D8 0012           00158     RETURN
                      00159         
                      00160 ;--------------mode manual--------------
0000DA                00161 FUNCIO_MODE_MANUAL
0000DA 848B           00162     BSF LATC, 2,0;verd
                      00163    
                      00164     
                      00165     ;codi funcio manual
0000DC EC?? F???      00166     CALL MIRA_MODE_ENTRADA;joystick o java
                      00167     
0000E0 AA0A           00168     BTFSS MODE_ACTUAL,5,0
0000E2 EC?? F???      00169     CALL MOVIMENT_JOYSTICK
0000E6 EC?? F???      00170     CALL MOVIMENT_JAVA_MANUAL
                      00171     
                      00172     
                      00173     ;NO ARRIBAR AQUI SI S'ESTA ENREGISTRANT
0000EA A281           00174     BTFSS PORTB,1,0;si actiu (0) canvi mode
0000EC EC?? F???      00175     CALL POLSADOR_REBOTS_CANVI_A_AUTO
                      00176     ;canvi per P EUSART.
0000F0 AA9E           00177     BTFSS PIR1,RCIF,0
0000F2 EF?? F???      00178     GOTO END_LOOP_MAIN;no eusart
0000F6 50AE           00179     movf RCREG,0,0
0000F8 6E0B           00180     MOVWF EUSART_INPUT,0
0000FA 0E50           00181     MOVLW 'P'
0000FC 620B           00182     CPFSEQ EUSART_INPUT,0
0000FE EF?? F???      00183     GOTO END_LOOP_MAIN
000102 8E0A           00184     BSF MODE_ACTUAL,7,0;activem mode auto
000104 EF?? F???      00185     GOTO END_LOOP_MAIN
                      00186         
000108                00187 POLSADOR_REBOTS_CANVI_A_AUTO
000108 EC?? F???      00188   CALL ESPERA_meitat
00010C EC?? F???      00189   CALL ESPERA_meitat
000110 B281           00190   BTFSC PORTB,1,0
000112 0012           00191   RETURN
000114 8E0A           00192   BSF MODE_ACTUAL,7,0   ;OKOKOKOKOK
Warning[207]: Found label after column 1. (ESPERA_DESCLICAR_CANVI_A_AUTO)
000116                00193     ESPERA_DESCLICAR_CANVI_A_AUTO
000116 A281           00194       BTFSS PORTB,1,0
000118 EF?? F???      00195       GOTO ESPERA_DESCLICAR_CANVI_A_AUTO
00011C 0012           00196       RETURN
                      00197   
MPASM 5.86             NEWPIC_8B_GENERAL.ASM   2-18-2022  16:42:12         PAGE  5


LOC  OBJECT CODE     LINE SOURCE TEXT
  VALUE

00011E                00198 POLSADOR_REBOTS_CANVI_A_MANUAL
00011E EC?? F???      00199   CALL ESPERA_meitat
000122 EC?? F???      00200   CALL ESPERA_meitat
000126 B281           00201   BTFSC PORTB,1,0
000128 0012           00202   RETURN
00012A 9E0A           00203   BCF MODE_ACTUAL,7,0   ;OKOKOKOKOK
Warning[207]: Found label after column 1. (ESPERA_DESCLICAR_CANVI_A_MANUAL)
00012C                00204     ESPERA_DESCLICAR_CANVI_A_MANUAL
00012C A281           00205       BTFSS PORTB,1,0
00012E EF?? F???      00206       GOTO ESPERA_DESCLICAR_CANVI_A_MANUAL
000132 0012           00207       RETURN
                      00208     
000134                00209 MOVIMENT_JOYSTICK
                      00210 
000134 84C2           00211         BSF ADCON0,CHS0,0   ;activar hoystick X PORTA0 per lectura
Warning[207]: Found label after column 1. (LOOP_ANALOG)
000136                00212         LOOP_ANALOG
000136 82C2           00213             BSF ADCON0, 1, 0  ;Fem la conversió
Warning[207]: Found label after column 1. (LOOP_CONVER)
000138                00214             LOOP_CONVER
000138 B2C2           00215                 BTFSC ADCON0, 1, 0  ;Esperem a que es faci la conversió i mirem què obtenim
00013A EF?? F???      00216                 GOTO LOOP_CONVER
00013E CFC4 F00E      00217             MOVFF ADRESH, VAR_CONVER  ;Passem la conversió a la nostra variable
000142 0EC8           00218             MOVLW .200
000144 600E           00219             CPFSLT VAR_CONVER, 0
000146 EC?? F???      00220             CALL INCREMENT_ANALOG  ;Si estem per sobre de 240 incrementem PWM
00014A 0E0F           00221             MOVLW .15
00014C 640E           00222             CPFSGT VAR_CONVER, 0
00014E EC?? F???      00223             CALL DECREMENT_ANALOG  ;Si estem per sota de 15 decrementem PWM
000152 0012           00224         RETURN
000154                00225 INCREMENT_ANALOG
000154 0E90           00226         MOVLW .144;144=notes+39init
000156 5C10           00227         SUBWF PWM_VAR, 0, 0
000158 A4D8           00228         BTFSS STATUS, Z, 0  ;Si la suma no dona 0, decrementem
00015A EC?? F???      00229         CALL SUMA
Warning[207]: Found label after column 1. (LOOP_WAIT)
00015E                00230         LOOP_WAIT
00015E 82C2           00231             BSF ADCON0, 1, 0  ;Fem la conversió
Warning[207]: Found label after column 1. (LOOP_CWAIT)
000160                00232             LOOP_CWAIT
000160 B2C2           00233                 BTFSC ADCON0, 1, 0  ;Esperem a que es faci la conversió i mirem què obtenim
000162 EF?? F???      00234                 GOTO LOOP_CWAIT
000166 CFC4 F00F      00235                 MOVFF ADRESH, VAR_COMP  ;Passem la conversió a la nostra variable
00016A 0E8C           00236                 MOVLW .140
00016C 5C0F           00237                 SUBWF VAR_COMP, 0, 0
00016E A8D8           00238                 BTFSS STATUS, N, 0  ;Si es negatiu vol dir que ja esta a la posicio inicial
000170 EF?? F???      00239             GOTO LOOP_WAIT      
                      00240         
000174 0012           00241         RETURN
000176                00242 DECREMENT_ANALOG
000176 0E27           00243     MOVLW .39
000178 5C10           00244     SUBWF PWM_VAR, 0, 0
00017A A4D8           00245     BTFSS STATUS, Z, 0  ;Si la resta no dona 0, decrementem
MPASM 5.86             NEWPIC_8B_GENERAL.ASM   2-18-2022  16:42:12         PAGE  6


LOC  OBJECT CODE     LINE SOURCE TEXT
  VALUE

00017C EC?? F???      00246     CALL RESTA
Warning[207]: Found label after column 1. (LOOP_WAITD)
000180                00247     LOOP_WAITD  ;Esperem a que el joystick torni a la seva posició
000180 82C2           00248         BSF ADCON0, 1, 0  ;Fem la conversió
Warning[207]: Found label after column 1. (LOOP_DWAIT)
000182                00249         LOOP_DWAIT
000182 B2C2           00250             BTFSC ADCON0, 1, 0  ;Esperem a que es faci la conversió i mirem què obtenim
000184 EF?? F???      00251             GOTO LOOP_DWAIT
000188 CFC4 F00F      00252             MOVFF ADRESH, VAR_COMP  ;Passem la conversió a la nostra variable
00018C 0E64           00253             MOVLW .100
00018E 5C0F           00254             SUBWF VAR_COMP, 0, 0
000190 B8D8           00255             BTFSC STATUS, N, 0
000192 EF?? F???      00256         GOTO LOOP_WAITD
000196 0012           00257     RETURN
000198                00258 SUMA
000198 0E0F           00259     MOVLW .15;increment pos
00019A 2610           00260     ADDWF PWM_VAR, 1, 0  ;Hem de sumar 5 graus cada vegada
00019C 0012           00261     RETURN
00019E                00262 RESTA
00019E 0E0F           00263     MOVLW .15;dec pos
0001A0 5E10           00264     SUBWF PWM_VAR, 1, 0  ;Hem de restar 5 graus cada vegada
0001A2 0012           00265     RETURN
                      00266     
0001A4                00267 MIRA_MODE_ENTRADA
0001A4 B681           00268     BTFSC PORTB,3,0
0001A6 0012           00269     RETURN
0001A8 EC?? F???      00270     CALL ESPERA_meitat
0001AC EC?? F???      00271     CALL ESPERA_meitat
0001B0 A681           00272     BTFSS PORTB,3,0
0001B2 EF?? F???      00273     GOTO ESPERA_DESCLICAR_MODE_TOCAR
0001B6 0012           00274     RETURN
                      00275     
Warning[207]: Found label after column 1. (ESPERA_DESCLICAR_MODE_TOCAR)
0001B8                00276     ESPERA_DESCLICAR_MODE_TOCAR
0001B8 A681           00277     BTFSS PORTB,3,0
0001BA EF?? F???      00278     GOTO ESPERA_DESCLICAR_MODE_TOCAR
0001BE 7A0A           00279     BTG MODE_ACTUAL,5,0;FLAG JOYSTICK O JAVA
0001C0 768B           00280     BTG LATC,3,0
0001C2 0012           00281     RETURN
                      00282     
0001C4                00283 MOVIMENT_JAVA_MANUAL
0001C4 AA9E           00284     BTFSS PIR1,RCIF,0
0001C6 0012           00285     RETURN
0001C8 50AE           00286     MOVF RCREG,0,0
                      00287     
                      00288     
0001CA 9AF2           00289     BCF INTCON,5,0
                      00290     
                      00291     
0001CC 0E43           00292     MOVLW 'C'
0001CE 620B           00293     CPFSEQ EUSART_INPUT,0
0001D0 EF?? F???      00294     GOTO NEXT_C
0001D4 0E27           00295     MOVLW .39;valor init C
MPASM 5.86             NEWPIC_8B_GENERAL.ASM   2-18-2022  16:42:12         PAGE  7


LOC  OBJECT CODE     LINE SOURCE TEXT
  VALUE

0001D6 6E10           00296     MOVWF PWM_VAR
0001D8                00297 NEXT_C
0001D8 0E44           00298     MOVLW 'D'
0001DA 620B           00299     CPFSEQ EUSART_INPUT,0
0001DC EF?? F???      00300     GOTO NEXT_D
0001E0 0E36           00301     MOVLW .54;posicio D
0001E2 6E10           00302     MOVWF PWM_VAR
0001E4                00303 NEXT_D
0001E4 0E45           00304     MOVLW 'E'
0001E6 620B           00305     CPFSEQ EUSART_INPUT,0
0001E8 EF?? F???      00306     GOTO NEXT_E
0001EC 0E45           00307     MOVLW .69;posicio E
0001EE 6E10           00308     MOVWF PWM_VAR
0001F0                00309 NEXT_E
0001F0 0E46           00310     MOVLW 'F'
0001F2 620B           00311     CPFSEQ EUSART_INPUT,0
0001F4 EF?? F???      00312     GOTO NEXT_F
0001F8 0E54           00313     MOVLW .84;posicio F
0001FA 6E10           00314     MOVWF PWM_VAR
0001FC                00315 NEXT_F
0001FC 0E47           00316     MOVLW 'G'
0001FE 620B           00317     CPFSEQ EUSART_INPUT,0
000200 EF?? F???      00318     GOTO NEXT_G
000204 0E63           00319     MOVLW .99;posicio G
000206 6E10           00320     MOVWF PWM_VAR
000208                00321 NEXT_G
000208 0E41           00322     MOVLW 'A'
00020A 620B           00323     CPFSEQ EUSART_INPUT,0
00020C EF?? F???      00324     GOTO NEXT_A
000210 0E72           00325     MOVLW .114;posicio A
000212 6E10           00326     MOVWF PWM_VAR
000214                00327 NEXT_A
000214 0E42           00328     MOVLW 'B'
000216 620B           00329     CPFSEQ EUSART_INPUT,0
000218 EF?? F???      00330     GOTO NEXT_B
00021C 0E81           00331     MOVLW .129;posicio B
00021E 6E10           00332     MOVWF PWM_VAR
000220                00333 NEXT_B
000220 0E63           00334     MOVLW 'c'
000222 620B           00335     CPFSEQ EUSART_INPUT,0
000224 EF?? F???      00336     GOTO NEXT_c
000228 0E90           00337     MOVLW .144;posicio c'
00022A 6E10           00338     MOVWF PWM_VAR
00022C                00339 NEXT_c
00022C 8AF2           00340     BSF INTCON,5,0
Warning[203]: Found opcode in column 1. (RETURN)
00022E 0012           00341 RETURN
                      00342     
                      00343 ;--------------mode automatic--------------
000230                00344 FUNCIO_MODE_AUTOMATIC
000230 808B           00345     BSF LATC,0,0;blau
000232 AC0A           00346     BTFSS MODE_ACTUAL,6,0
000234 EF?? F???      00347     GOTO PRE_AUTO_MODE
MPASM 5.86             NEWPIC_8B_GENERAL.ASM   2-18-2022  16:42:12         PAGE  8


LOC  OBJECT CODE     LINE SOURCE TEXT
  VALUE

                      00348     
                      00349     
                      00350     
                      00351     ;codi auto
                      00352     
                      00353     
                      00354     
                      00355     ;no arribar aqui si s'esta reproduint (si abans i si despres)
000238 9C0A           00356     BCF MODE_ACTUAL,6,0;netejar que espera una altra P per la seguent canco
                      00357     ;i tornar a reproduir una altra
                      00358     
00023A A281           00359     BTFSS PORTB,1,0;si cliquen manual, activem manual
00023C EC?? F???      00360     CALL POLSADOR_REBOTS_CANVI_A_MANUAL
000240 EF?? F???      00361     GOTO END_LOOP_MAIN
                      00362     
                      00363     
Warning[207]: Found label after column 1. (PRE_AUTO_MODE)
000244                00364     PRE_AUTO_MODE
                      00365 
                      00366         ;mirar btn
000244 B281           00367         BTFSC PORTB,1,0
000246 EF?? F???      00368         GOTO PRE_AUTO_MODE_CHECK_PIR
00024A EC?? F???      00369         CALL POLSADOR_REBOTS_CANVI_A_MANUAL
00024E EF?? F???      00370         GOTO END_LOOP_MAIN
Warning[207]: Found label after column 1. (PRE_AUTO_MODE_CHECK_PIR)
000252                00371         PRE_AUTO_MODE_CHECK_PIR
000252 AA9E           00372             BTFSS PIR1,RCIF,0
000254 EF?? F???      00373             GOTO PRE_AUTO_MODE;no eusart
000258 50AE           00374             movf RCREG,0,0
00025A 6E0B           00375             MOVWF EUSART_INPUT,0
00025C 0E50           00376             MOVLW 'P'
00025E 620B           00377             CPFSEQ EUSART_INPUT,0
000260 EF?? F???      00378             GOTO PRE_AUTO_MODE
000264 EF?? F???      00379             GOTO FUNCIO_MODE_AUTOMATIC
                      00380     
000268                00381 ESPERA_meitat
000268 680C           00382     SETF tmp3,0
00026A                00383 BUCLE_D_1
00026A 680D           00384     SETF tmp4,0
00026C                00385 BUCLE2_D_1
00026C 2E0D           00386     DECFSZ tmp4,f,0
00026E EF?? F???      00387     GOTO BUCLE2_D_1
000272 2E0C           00388     DECFSZ tmp3,f,0
000274 EF?? F???      00389     GOTO BUCLE_D_1
000278 0012           00390     RETURN
                      00391      
                      00392 ;--------------------------------------MAIN-------------------------------------
00027A                00393 MAIN
                      00394 
00027A EC?? F???      00395     CALL CONFIG_PORTS
00027E EC?? F???      00396     CALL INIT_VARS
000282 EC?? F???      00397     CALL INIT_EUSART
000286 EC?? F???      00398     CALL CONFIG_INTERRUPTS
MPASM 5.86             NEWPIC_8B_GENERAL.ASM   2-18-2022  16:42:12         PAGE  9


LOC  OBJECT CODE     LINE SOURCE TEXT
  VALUE

00028A EC?? F???      00399     CALL CONFIG_TIMER
00028E EC?? F???      00400     CALL CONFIG_ADC
                      00401 
000292                00402 LOOP_MAIN;bucle del programa
                      00403     ;entrar als modes
                      00404     ;nota: els canvis de modes es fan dins els funcio_mode_xxxx
000292 AE0A           00405     BTFSS MODE_ACTUAL,7,0
000294 EF?? F???      00406     GOTO FUNCIO_MODE_MANUAL;aqui manual
000298 EF?? F???      00407     GOTO FUNCIO_MODE_AUTOMATIC;aqui auto
                      00408     
Warning[207]: Found label after column 1. (END_LOOP_MAIN)
00029C                00409     END_LOOP_MAIN
                      00410         ;netejar leds
00029C 908B           00411         BCF LATC,0,0
00029E 928B           00412         BCF LATC,1,0
0002A0 948B           00413         BCF LATC,2,0
                      00414         ;BCF LATC,3,0
                      00415 
0002A2 EF?? F???      00416         GOTO LOOP_MAIN
Warning[205]: Found directive in column 1. (END)
                      00417 END
MPASM 5.86             NEWPIC_8B_GENERAL.ASM   2-18-2022  16:42:12         PAGE 10


SYMBOL TABLE
  LABEL                             VALUE 

A                                 00000000
ABDEN                             00000000
ABDOVF                            00000007
ACCESS                            00000000
ACKDT                             00000005
ACKEN                             00000004
ACKSTAT                           00000006
ACQT0                             00000003
ACQT1                             00000004
ACQT2                             00000005
ACTION_TMR                        000000AA
ADCON0                            00000FC2
ADCON1                            00000FC1
ADCON2                            00000FC0
ADCS0                             00000000
ADCS1                             00000001
ADCS2                             00000002
ADDEN                             00000003
ADEN                              00000003
ADFM                              00000007
ADIE                              00000006
ADIF                              00000006
ADIP                              00000006
ADMSK1                            00000001
ADMSK2                            00000002
ADMSK3                            00000003
ADMSK4                            00000004
ADMSK5                            00000005
ADON                              00000000
ADRES                             00000FC3
ADRESH                            00000FC4
ADRESL                            00000FC3
AN0                               00000000
AN1                               00000001
AN10                              00000001
AN11                              00000004
AN12                              00000000
AN2                               00000002
AN3                               00000003
AN4                               00000005
AN5                               00000000
AN6                               00000001
AN7                               00000002
AN8                               00000002
AN9                               00000003
BANKED                            00000001
BAUDCON                           00000FB8
BAUDCTL                           00000FB8
BCLIE                             00000003
BCLIF                             00000003
BCLIP                             00000003
BF                                00000000
BGST                              00000005
MPASM 5.86             NEWPIC_8B_GENERAL.ASM   2-18-2022  16:42:12         PAGE 11


SYMBOL TABLE
  LABEL                             VALUE 

BOR                               00000000
BRG16                             00000003
BRGH                              00000002
BSR                               00000FE0
BUCLE2_D_1                        0000026C
BUCLE_D_1                         0000026A
C                                 00000000
C1INV                             00000004
C1N                               00000000
C1OUT_CMCON                       00000006
C1OUT_PORTA                       00000004
C1P                               00000003
C2INV                             00000005
C2N                               00000001
C2OUT_CMCON                       00000007
C2OUT_PORTA                       00000005
C2P                               00000002
CARREGA_TIMER                     00000098
CCP1                              00000002
CCP1CON                           00000FBD
CCP1IE                            00000002
CCP1IF                            00000002
CCP1IP                            00000002
CCP1M0                            00000000
CCP1M1                            00000001
CCP1M2                            00000002
CCP1M3                            00000003
CCP1X                             00000005
CCP1Y                             00000004
CCP2CON                           00000FBA
CCP2IE                            00000000
CCP2IF                            00000000
CCP2IP                            00000000
CCP2M0                            00000000
CCP2M1                            00000001
CCP2M2                            00000002
CCP2M3                            00000003
CCP2X                             00000005
CCP2Y                             00000004
CCP2_PORTB                        00000003
CCP2_PORTC                        00000001
CCPR1                             00000FBE
CCPR1H                            00000FBF
CCPR1L                            00000FBE
CCPR2                             00000FBB
CCPR2H                            00000FBC
CCPR2L                            00000FBB
CFGS                              00000006
CHS0                              00000002
CHS1                              00000003
CHS2                              00000004
CHS3                              00000005
CIS                               00000003
MPASM 5.86             NEWPIC_8B_GENERAL.ASM   2-18-2022  16:42:12         PAGE 12


SYMBOL TABLE
  LABEL                             VALUE 

CK                                00000006
CKE                               00000006
CKP                               00000004
CLKI                              00000007
CLKO                              00000006
CM0                               00000000
CM1                               00000001
CM2                               00000002
CMCON                             00000FB4
CMIE                              00000006
CMIF                              00000006
CMIP                              00000006
COMPT_GRAUS                       00000012
CONFIG_ADC                        0000007C
CONFIG_INTERRUPTS                 000000A2
CONFIG_PORTS                      00000022
CONFIG_TIMER                      0000008E
CREN                              00000004
CS                                00000002
CSRC                              00000007
CVR0                              00000000
CVR1                              00000001
CVR2                              00000002
CVR3                              00000003
CVRCON                            00000FB5
CVREF                             00000002
CVREN                             00000007
CVROE                             00000006
CVRR                              00000005
CVRSS                             00000004
D                                 00000005
DC                                00000001
DC1B0                             00000004
DC1B1                             00000005
DC2B0                             00000004
DC2B1                             00000005
DDRA                              TRISA
DDRB                              TRISB
DDRC                              TRISC
DDRD                              TRISD
DDRE                              TRISE
DECREMENT_ANALOG                  00000176
DONE                              00000001
D_A                               00000005
D_NOT_A                           00000005
ECCP1AS                           00000FB6
ECCP1CON                          00000FBD
ECCP1DEL                          00000FB7
ECCPAS0                           00000004
ECCPAS1                           00000005
ECCPAS2                           00000006
ECCPASE                           00000007
EEADR                             00000FA9
MPASM 5.86             NEWPIC_8B_GENERAL.ASM   2-18-2022  16:42:12         PAGE 13


SYMBOL TABLE
  LABEL                             VALUE 

EECON1                            00000FA6
EECON2                            00000FA7
EEDATA                            00000FA8
EEIE                              00000004
EEIF                              00000004
EEIP                              00000004
EEPGD                             00000007
END_LOOP_MAIN                     0000029C
ESPERA_DESCLICAR_CANVI_A_AUTO     00000116
ESPERA_DESCLICAR_CANVI_A_MANUAL   0000012C
ESPERA_DESCLICAR_MODE_TOCAR       000001B8
ESPERA_GRAUS                      000000CE
ESPERA_meitat                     00000268
EUSART_INPUT                      0000000B
FAST                              00000001
FERR                              00000002
FLT0                              00000000
FLTS                              00000002
FREE                              00000004
FSR0                              00000000
FSR0H                             00000FEA
FSR0L                             00000FE9
FSR1                              00000001
FSR1H                             00000FE2
FSR1L                             00000FE1
FSR2                              00000002
FSR2H                             00000FDA
FSR2L                             00000FD9
FUNCIO_MODE_AUTOMATIC             00000230
FUNCIO_MODE_MANUAL                000000DA
GCEN                              00000007
GIE                               00000007
GIEH                              00000007
GIEL                              00000006
GIE_GIEH                          00000007
GO                                00000001
GO_DONE                           00000001
GO_NOT_DONE                       00000001
HIGH_RSI                          0000001A
HLVDCON                           00000FD2
HLVDEN                            00000004
HLVDIE                            00000002
HLVDIF                            00000002
HLVDIN                            00000005
HLVDIP                            00000002
HLVDL0                            00000000
HLVDL1                            00000001
HLVDL2                            00000002
HLVDL3                            00000003
IBF                               00000007
IBOV                              00000005
IDLEN                             00000007
INCREMENT_ANALOG                  00000154
MPASM 5.86             NEWPIC_8B_GENERAL.ASM   2-18-2022  16:42:12         PAGE 14


SYMBOL TABLE
  LABEL                             VALUE 

INDF0                             00000FEF
INDF1                             00000FE7
INDF2                             00000FDF
INIT_EUSART                       00000068
INIT_VARS                         00000040
INT0                              00000000
INT0E                             00000004
INT0F                             00000001
INT0IE                            00000004
INT0IF                            00000001
INT1                              00000001
INT1E                             00000003
INT1F                             00000000
INT1IE                            00000003
INT1IF                            00000000
INT1IP                            00000006
INT1P                             00000006
INT2                              00000002
INT2E                             00000004
INT2F                             00000001
INT2IE                            00000004
INT2IF                            00000001
INT2IP                            00000007
INT2P                             00000007
INTCON                            00000FF2
INTCON2                           00000FF1
INTCON3                           00000FF0
INTEDG0                           00000006
INTEDG1                           00000005
INTEDG2                           00000004
INTSRC                            00000007
IOFS                              00000002
IPEN                              00000007
IPR1                              00000F9F
IPR2                              00000FA2
IRCF0                             00000004
IRCF1                             00000005
IRCF2                             00000006
IRVST                             00000005
KBI0                              00000004
KBI1                              00000005
KBI2                              00000006
KBI3                              00000007
LATA                              00000F89
LATA0                             00000000
LATA1                             00000001
LATA2                             00000002
LATA3                             00000003
LATA4                             00000004
LATA5                             00000005
LATA6                             00000006
LATA7                             00000007
LATB                              00000F8A
MPASM 5.86             NEWPIC_8B_GENERAL.ASM   2-18-2022  16:42:12         PAGE 15


SYMBOL TABLE
  LABEL                             VALUE 

LATB0                             00000000
LATB1                             00000001
LATB2                             00000002
LATB3                             00000003
LATB4                             00000004
LATB5                             00000005
LATB6                             00000006
LATB7                             00000007
LATC                              00000F8B
LATC0                             00000000
LATC1                             00000001
LATC2                             00000002
LATC3                             00000003
LATC4                             00000004
LATC5                             00000005
LATC6                             00000006
LATC7                             00000007
LATD                              00000F8C
LATD0                             00000000
LATD1                             00000001
LATD2                             00000002
LATD3                             00000003
LATD4                             00000004
LATD5                             00000005
LATD6                             00000006
LATD7                             00000007
LATE                              00000F8D
LATE0                             00000000
LATE1                             00000001
LATE2                             00000002
LOOP_ANALOG                       00000136
LOOP_CONVER                       00000138
LOOP_CWAIT                        00000160
LOOP_DWAIT                        00000182
LOOP_ESPERAPWM                    000000BC
LOOP_GRAUS                        000000D2
LOOP_MAIN                         00000292
LOOP_WAIT                         0000015E
LOOP_WAITD                        00000180
LVDCON                            00000FD2
LVDEN                             00000004
LVDIE                             00000002
LVDIF                             00000002
LVDIP                             00000002
LVDL0                             00000000
LVDL1                             00000001
LVDL2                             00000002
LVDL3                             00000003
LVV0                              00000000
LVV1                              00000001
LVV2                              00000002
LVV3                              00000003
MAIN                              0000027A
MPASM 5.86             NEWPIC_8B_GENERAL.ASM   2-18-2022  16:42:12         PAGE 16


SYMBOL TABLE
  LABEL                             VALUE 

MCLR                              00000003
MIRA_MODE_ENTRADA                 000001A4
MODE_ACTUAL                       0000000A
MOVIMENT_JAVA_MANUAL              000001C4
MOVIMENT_JOYSTICK                 00000134
N                                 00000004
NEXT_A                            00000214
NEXT_B                            00000220
NEXT_C                            000001D8
NEXT_D                            000001E4
NEXT_E                            000001F0
NEXT_F                            000001FC
NEXT_G                            00000208
NEXT_c                            0000022C
NOT_A                             00000005
NOT_ADDRESS                       00000005
NOT_BOR                           00000000
NOT_CS                            00000002
NOT_DONE                          00000001
NOT_MCLR                          00000003
NOT_PD                            00000002
NOT_POR                           00000001
NOT_RBPU                          00000007
NOT_RD                            00000000
NOT_RI                            00000004
NOT_SS                            00000005
NOT_T1SYNC                        00000002
NOT_T3SYNC                        00000002
NOT_TO                            00000003
NOT_W                             00000002
NOT_WR                            00000001
NOT_WRITE                         00000002
OBF                               00000006
OERR                              00000001
OSC1                              00000007
OSC2                              00000006
OSCCON                            00000FD3
OSCFIE                            00000007
OSCFIF                            00000007
OSCFIP                            00000007
OSCTUNE                           00000F9B
OSTS                              00000003
OV                                00000003
P                                 00000004
P1A                               00000002
P1B                               00000005
P1C                               00000006
P1D                               00000007
P1M0                              00000006
P1M1                              00000007
PC                                00000FF9
PCFG0                             00000000
PCFG1                             00000001
MPASM 5.86             NEWPIC_8B_GENERAL.ASM   2-18-2022  16:42:12         PAGE 17


SYMBOL TABLE
  LABEL                             VALUE 

PCFG2                             00000002
PCFG3                             00000003
PCL                               00000FF9
PCLATH                            00000FFA
PCLATU                            00000FFB
PD                                00000002
PDC0                              00000000
PDC1                              00000001
PDC2                              00000002
PDC3                              00000003
PDC4                              00000004
PDC5                              00000005
PDC6                              00000006
PEIE                              00000006
PEIE_GIEL                         00000006
PEN                               00000002
PGC                               00000006
PGD                               00000007
PGM                               00000005
PIE1                              00000F9D
PIE2                              00000FA0
PIR1                              00000F9E
PIR2                              00000FA1
PLLEN                             00000006
PLUSW0                            00000FEB
PLUSW1                            00000FE3
PLUSW2                            00000FDB
POLSADOR_REBOTS_CANVI_A_AUTO      00000108
POLSADOR_REBOTS_CANVI_A_MANUAL    0000011E
POR                               00000001
PORTA                             00000F80
PORTB                             00000F81
PORTC                             00000F82
PORTD                             00000F83
PORTE                             00000F84
POSTDEC0                          00000FED
POSTDEC1                          00000FE5
POSTDEC2                          00000FDD
POSTINC0                          00000FEE
POSTINC1                          00000FE6
POSTINC2                          00000FDE
PR2                               00000FCB
PREINC0                           00000FEC
PREINC1                           00000FE4
PREINC2                           00000FDC
PRE_AUTO_MODE                     00000244
PRE_AUTO_MODE_CHECK_PIR           00000252
PROD                              00000FF3
PRODH                             00000FF4
PRODL                             00000FF3
PRSEN                             00000007
PSA                               00000003
PSP0                              00000000
MPASM 5.86             NEWPIC_8B_GENERAL.ASM   2-18-2022  16:42:12         PAGE 18


SYMBOL TABLE
  LABEL                             VALUE 

PSP1                              00000001
PSP2                              00000002
PSP3                              00000003
PSP4                              00000004
PSP5                              00000005
PSP6                              00000006
PSP7                              00000007
PSPIE                             00000007
PSPIF                             00000007
PSPIP                             00000007
PSPMODE                           00000004
PSSAC0                            00000002
PSSAC1                            00000003
PSSBD0                            00000000
PSSBD1                            00000001
PWM                               000000B6
PWM1CON                           00000FB7
PWM_AUX                           00000011
PWM_VAR                           00000010
R                                 00000002
RA0                               00000000
RA1                               00000001
RA2                               00000002
RA3                               00000003
RA4                               00000004
RA5                               00000005
RA6                               00000006
RA7                               00000007
RB0                               00000000
RB1                               00000001
RB2                               00000002
RB3                               00000003
RB4                               00000004
RB5                               00000005
RB6                               00000006
RB7                               00000007
RBIE                              00000003
RBIF                              00000000
RBIP                              00000000
RBPU                              00000007
RC0                               00000000
RC1                               00000001
RC2                               00000002
RC3                               00000003
RC4                               00000004
RC5                               00000005
RC6                               00000006
RC7                               00000007
RCEN                              00000003
RCIDL                             00000006
RCIE                              00000005
RCIF                              00000005
RCIP                              00000005
MPASM 5.86             NEWPIC_8B_GENERAL.ASM   2-18-2022  16:42:12         PAGE 19


SYMBOL TABLE
  LABEL                             VALUE 

RCMT                              00000006
RCON                              00000FD0
RCREG                             00000FAE
RCSTA                             00000FAB
RD                                00000000
RD0                               00000000
RD1                               00000001
RD16                              00000007
RD2                               00000002
RD3                               00000003
RD4                               00000004
RD5                               00000005
RD6                               00000006
RD7                               00000007
RE0                               00000000
RE1                               00000001
RE2                               00000002
RE3                               00000003
RESTA                             0000019E
RI                                00000004
RSEN                              00000001
RX                                00000007
RX9                               00000006
RX9D                              00000000
RXDTP                             00000005
R_NOT_W                           00000002
R_W                               00000002
S                                 00000003
SBOREN                            00000006
SCK                               00000003
SCKP                              00000004
SCL                               00000003
SCS0                              00000000
SCS1                              00000001
SDA                               00000004
SDI                               00000004
SDO                               00000005
SEN                               00000000
SENDB                             00000003
SEVEN_SEG_A                       00000005
SEVEN_SEG_B                       00000006
SEVEN_SEG_C                       00000000
SEVEN_SEG_D                       00000001
SEVEN_SEG_E                       00000002
SEVEN_SEG_F                       00000003
SEVEN_SEG_G                       00000004
SEVEN_SEG_c                       00000007
SMP                               00000007
SP0                               00000000
SP1                               00000001
SP2                               00000002
SP3                               00000003
SP4                               00000004
MPASM 5.86             NEWPIC_8B_GENERAL.ASM   2-18-2022  16:42:12         PAGE 20


SYMBOL TABLE
  LABEL                             VALUE 

SPBRG                             00000FAF
SPBRGH                            00000FB0
SPEN                              00000007
SREN                              00000005
SSPADD                            00000FC8
SSPBUF                            00000FC9
SSPCON1                           00000FC6
SSPCON2                           00000FC5
SSPEN                             00000005
SSPIE                             00000003
SSPIF                             00000003
SSPIP                             00000003
SSPM0                             00000000
SSPM1                             00000001
SSPM2                             00000002
SSPM3                             00000003
SSPOV                             00000006
SSPSTAT                           00000FC7
STATUS                            00000FD8
STKFUL                            00000007
STKOVF                            00000007
STKPTR                            00000FFC
STKUNF                            00000006
SUMA                              00000198
SWDTE                             00000000
SWDTEN                            00000000
SYNC                              00000004
T016BIT                           00000006
T08BIT                            00000006
T0CKI                             00000004
T0CON                             00000FD5
T0CS                              00000005
T0IE                              00000005
T0IF                              00000002
T0PS0                             00000000
T0PS1                             00000001
T0PS2                             00000002
T0SE                              00000004
T13CKI                            00000000
T1CKI                             00000000
T1CKPS0                           00000004
T1CKPS1                           00000005
T1CON                             00000FCD
T1OSCEN                           00000003
T1OSI                             00000001
T1OSO                             00000000
T1RUN                             00000006
T1SYNC                            00000002
T2CKPS0                           00000000
T2CKPS1                           00000001
T2CON                             00000FCA
T2OUTPS0                          00000003
T2OUTPS1                          00000004
MPASM 5.86             NEWPIC_8B_GENERAL.ASM   2-18-2022  16:42:12         PAGE 21


SYMBOL TABLE
  LABEL                             VALUE 

T2OUTPS2                          00000005
T2OUTPS3                          00000006
T3CCP1                            00000003
T3CCP2                            00000006
T3CKPS0                           00000004
T3CKPS1                           00000005
T3CON                             00000FB1
T3SYNC                            00000002
TABLAT                            00000FF5
TBLPTR                            00000FF6
TBLPTRH                           00000FF7
TBLPTRL                           00000FF6
TBLPTRU                           00000FF8
TMR0                              00000FD6
TMR0H                             00000FD7
TMR0IE                            00000005
TMR0IF                            00000002
TMR0IP                            00000002
TMR0L                             00000FD6
TMR0ON                            00000007
TMR1                              00000FCE
TMR1CS                            00000001
TMR1H                             00000FCF
TMR1IE                            00000000
TMR1IF                            00000000
TMR1IP                            00000000
TMR1L                             00000FCE
TMR1ON                            00000000
TMR2                              00000FCC
TMR2IE                            00000001
TMR2IF                            00000001
TMR2IP                            00000001
TMR2ON                            00000002
TMR3                              00000FB2
TMR3CS                            00000001
TMR3H                             00000FB3
TMR3IE                            00000001
TMR3IF                            00000001
TMR3IP                            00000001
TMR3L                             00000FB2
TMR3ON                            00000000
TO                                00000003
TOS                               00000FFD
TOSH                              00000FFE
TOSL                              00000FFD
TOSU                              00000FFF
TOUTPS0                           00000003
TOUTPS1                           00000004
TOUTPS2                           00000005
TOUTPS3                           00000006
TRISA                             00000F92
TRISA0                            00000000
TRISA1                            00000001
MPASM 5.86             NEWPIC_8B_GENERAL.ASM   2-18-2022  16:42:12         PAGE 22


SYMBOL TABLE
  LABEL                             VALUE 

TRISA2                            00000002
TRISA3                            00000003
TRISA4                            00000004
TRISA5                            00000005
TRISA6                            00000006
TRISA7                            00000007
TRISB                             00000F93
TRISB0                            00000000
TRISB1                            00000001
TRISB2                            00000002
TRISB3                            00000003
TRISB4                            00000004
TRISB5                            00000005
TRISB6                            00000006
TRISB7                            00000007
TRISC                             00000F94
TRISC0                            00000000
TRISC1                            00000001
TRISC2                            00000002
TRISC3                            00000003
TRISC4                            00000004
TRISC5                            00000005
TRISC6                            00000006
TRISC7                            00000007
TRISD                             00000F95
TRISD0                            00000000
TRISD1                            00000001
TRISD2                            00000002
TRISD3                            00000003
TRISD4                            00000004
TRISD5                            00000005
TRISD6                            00000006
TRISD7                            00000007
TRISE                             00000F96
TRISE0                            00000000
TRISE1                            00000001
TRISE2                            00000002
TRMT                              00000001
TUN0                              00000000
TUN1                              00000001
TUN2                              00000002
TUN3                              00000003
TUN4                              00000004
TX                                00000006
TX9                               00000006
TX9D                              00000000
TXCKP                             00000004
TXEN                              00000005
TXIE                              00000004
TXIF                              00000004
TXIP                              00000004
TXREG                             00000FAD
TXSTA                             00000FAC
MPASM 5.86             NEWPIC_8B_GENERAL.ASM   2-18-2022  16:42:12         PAGE 23


SYMBOL TABLE
  LABEL                             VALUE 

UA                                00000001
VAR_COMP                          0000000F
VAR_CONVER                        0000000E
VCFG0                             00000004
VCFG1                             00000005
VDIRMAG                           00000007
VPP                               00000003
VREFM                             00000002
VREFP                             00000003
W                                 00000000
WCOL                              00000007
WDTCON                            00000FD1
WR                                00000001
WREG                              00000FE8
WREN                              00000002
WRERR                             00000003
WUE                               00000001
Z                                 00000002
_BBSIZ_BB1K_4L                    000000FF
_BBSIZ_BB256_4L                   000000CF
_BBSIZ_BB512_4L                   000000DF
_BORV_0_2L                        000000E7
_BORV_1_2L                        000000EF
_BORV_2_2L                        000000F7
_BORV_3_2L                        000000FF
_BOR_NOSLP_2L                     000000FD
_BOR_OFF_2L                       000000F9
_BOR_ON_2L                        000000FF
_BOR_SOFT_2L                      000000FB
_CCP2MX_RB3_3H                    000000FE
_CCP2MX_RC1_3H                    000000FF
_CONFIG1H                         00300001
_CONFIG2H                         00300003
_CONFIG2L                         00300002
_CONFIG3H                         00300005
_CONFIG4L                         00300006
_CONFIG5H                         00300009
_CONFIG5L                         00300008
_CONFIG6H                         0030000B
_CONFIG6L                         0030000A
_CONFIG7H                         0030000D
_CONFIG7L                         0030000C
_CP0_OFF_5L                       000000FF
_CP0_ON_5L                        000000FE
_CP1_OFF_5L                       000000FF
_CP1_ON_5L                        000000FD
_CPB_OFF_5H                       000000FF
_CPB_ON_5H                        000000BF
_CPD_OFF_5H                       000000FF
_CPD_ON_5H                        0000007F
_DEBUG_OFF_4L                     000000FF
_DEBUG_ON_4L                      0000007F
_DEVID1                           003FFFFE
MPASM 5.86             NEWPIC_8B_GENERAL.ASM   2-18-2022  16:42:12         PAGE 24


SYMBOL TABLE
  LABEL                             VALUE 

_DEVID2                           003FFFFF
_EBTR0_OFF_7L                     000000FF
_EBTR0_ON_7L                      000000FE
_EBTR1_OFF_7L                     000000FF
_EBTR1_ON_7L                      000000FD
_EBTRB_OFF_7H                     000000FF
_EBTRB_ON_7H                      000000BF
_FCMEN_OFF_1H                     000000BF
_FCMEN_ON_1H                      000000FF
_IDLOC0                           00200000
_IDLOC1                           00200001
_IDLOC2                           00200002
_IDLOC3                           00200003
_IDLOC4                           00200004
_IDLOC5                           00200005
_IDLOC6                           00200006
_IDLOC7                           00200007
_IESO_OFF_1H                      0000007F
_IESO_ON_1H                       000000FF
_LPT1OSC_OFF_3H                   000000FB
_LPT1OSC_ON_3H                    000000FF
_LVP_OFF_4L                       000000FB
_LVP_ON_4L                        000000FF
_MCLRE_OFF_3H                     0000007F
_MCLRE_ON_3H                      000000FF
_OSC_ECIO_1H                      000000F5
_OSC_EC_1H                        000000F4
_OSC_HSPLL_1H                     000000F6
_OSC_HS_1H                        000000F2
_OSC_INTIO1_1H                    000000F9
_OSC_INTIO2_1H                    000000F8
_OSC_LP_1H                        000000F0
_OSC_RCIO_1H                      000000F7
_OSC_RC_1H                        000000F3
_OSC_XT_1H                        000000F1
_PBADEN_ANA_3H                    000000FF
_PBADEN_DIG_3H                    000000FD
_PWRT_OFF_2L                      000000FF
_PWRT_ON_2L                       000000FE
_STVREN_OFF_4L                    000000FE
_STVREN_ON_4L                     000000FF
_WDTPS_1024_2H                    000000F5
_WDTPS_128_2H                     000000EF
_WDTPS_16384_2H                   000000FD
_WDTPS_16_2H                      000000E9
_WDTPS_1_2H                       000000E1
_WDTPS_2048_2H                    000000F7
_WDTPS_256_2H                     000000F1
_WDTPS_2_2H                       000000E3
_WDTPS_32768_2H                   000000FF
_WDTPS_32_2H                      000000EB
_WDTPS_4096_2H                    000000F9
_WDTPS_4_2H                       000000E5
MPASM 5.86             NEWPIC_8B_GENERAL.ASM   2-18-2022  16:42:12         PAGE 25


SYMBOL TABLE
  LABEL                             VALUE 

_WDTPS_512_2H                     000000F3
_WDTPS_64_2H                      000000ED
_WDTPS_8192_2H                    000000FB
_WDTPS_8_2H                       000000E7
_WDT_OFF_2H                       000000FE
_WDT_ON_2H                        000000FF
_WRT0_OFF_6L                      000000FF
_WRT0_ON_6L                       000000FE
_WRT1_OFF_6L                      000000FF
_WRT1_ON_6L                       000000FD
_WRTB_OFF_6H                      000000FF
_WRTB_ON_6H                       000000BF
_WRTC_OFF_6H                      000000FF
_WRTC_ON_6H                       000000DF
_WRTD_OFF_6H                      000000FF
_WRTD_ON_6H                       0000007F
_XINST_OFF_4L                     000000BF
_XINST_ON_4L                      000000FF
__18F4321                         00000001
tmp3                              0000000C
tmp4                              0000000D
tmp_timer                         00000008

Errors   :     0
Warnings :    18 reported,     0 suppressed
Messages :     0 reported,     0 suppressed

