Warning[215] C:\USERS\ALBER\DOCUMENTS\GITHUB\LS-SDM-P1-2022\LS-SDM-P1-2022.X\NEWPIC_8B_GENERAL.ASM 3 : Processor superseded by command line.  Verify processor symbol.
Warning[207] C:\USERS\ALBER\DOCUMENTS\GITHUB\LS-SDM-P1-2022\LS-SDM-P1-2022.X\NEWPIC_8B_GENERAL.ASM 201 : Found label after column 1. (COMPROVA_TEMPS_LOW)
Warning[207] C:\USERS\ALBER\DOCUMENTS\GITHUB\LS-SDM-P1-2022\LS-SDM-P1-2022.X\NEWPIC_8B_GENERAL.ASM 209 : Found label after column 1. (MINUT)
Warning[207] C:\USERS\ALBER\DOCUMENTS\GITHUB\LS-SDM-P1-2022\LS-SDM-P1-2022.X\NEWPIC_8B_GENERAL.ASM 214 : Found label after column 1. (INCREMENTA_LOW)
Warning[207] C:\USERS\ALBER\DOCUMENTS\GITHUB\LS-SDM-P1-2022\LS-SDM-P1-2022.X\NEWPIC_8B_GENERAL.ASM 222 : Found label after column 1. (OVER_FLOW)
Warning[207] C:\USERS\ALBER\DOCUMENTS\GITHUB\LS-SDM-P1-2022\LS-SDM-P1-2022.X\NEWPIC_8B_GENERAL.ASM 233 : Found label after column 1. (INCREMENTA_HIGH)
Warning[207] C:\USERS\ALBER\DOCUMENTS\GITHUB\LS-SDM-P1-2022\LS-SDM-P1-2022.X\NEWPIC_8B_GENERAL.ASM 237 : Found label after column 1. (NEXT)
Warning[207] C:\USERS\ALBER\DOCUMENTS\GITHUB\LS-SDM-P1-2022\LS-SDM-P1-2022.X\NEWPIC_8B_GENERAL.ASM 244 : Found label after column 1. (INCREMENTA_VAR)
Warning[207] C:\USERS\ALBER\DOCUMENTS\GITHUB\LS-SDM-P1-2022\LS-SDM-P1-2022.X\NEWPIC_8B_GENERAL.ASM 252 : Found label after column 1. (RESET_VAR)
Warning[207] C:\USERS\ALBER\DOCUMENTS\GITHUB\LS-SDM-P1-2022\LS-SDM-P1-2022.X\NEWPIC_8B_GENERAL.ASM 259 : Found label after column 1. (LOOP_ESPERAPWM)
Warning[207] C:\USERS\ALBER\DOCUMENTS\GITHUB\LS-SDM-P1-2022\LS-SDM-P1-2022.X\NEWPIC_8B_GENERAL.ASM 270 : Found label after column 1. (LOOP_GRAUS)
Warning[207] C:\USERS\ALBER\DOCUMENTS\GITHUB\LS-SDM-P1-2022\LS-SDM-P1-2022.X\NEWPIC_8B_GENERAL.ASM 279 : Found label after column 1. (LOOP_ESPERAPWM2)
Warning[207] C:\USERS\ALBER\DOCUMENTS\GITHUB\LS-SDM-P1-2022\LS-SDM-P1-2022.X\NEWPIC_8B_GENERAL.ASM 290 : Found label after column 1. (LOOP_GRAUS2)
Warning[207] C:\USERS\ALBER\DOCUMENTS\GITHUB\LS-SDM-P1-2022\LS-SDM-P1-2022.X\NEWPIC_8B_GENERAL.ASM 317 : Found label after column 1. (VERD)
Warning[207] C:\USERS\ALBER\DOCUMENTS\GITHUB\LS-SDM-P1-2022\LS-SDM-P1-2022.X\NEWPIC_8B_GENERAL.ASM 321 : Found label after column 1. (VERMELL)
Warning[207] C:\USERS\ALBER\DOCUMENTS\GITHUB\LS-SDM-P1-2022\LS-SDM-P1-2022.X\NEWPIC_8B_GENERAL.ASM 325 : Found label after column 1. (POLLANCRE)
Warning[207] C:\USERS\ALBER\DOCUMENTS\GITHUB\LS-SDM-P1-2022\LS-SDM-P1-2022.X\NEWPIC_8B_GENERAL.ASM 374 : Found label after column 1. (ESPERA_DESCLICAR_CANVI_A_AUTO)
Warning[207] C:\USERS\ALBER\DOCUMENTS\GITHUB\LS-SDM-P1-2022\LS-SDM-P1-2022.X\NEWPIC_8B_GENERAL.ASM 387 : Found label after column 1. (ESPERA_DESCLICAR_CANVI_A_MANUAL)
Warning[207] C:\USERS\ALBER\DOCUMENTS\GITHUB\LS-SDM-P1-2022\LS-SDM-P1-2022.X\NEWPIC_8B_GENERAL.ASM 399 : Found label after column 1. (LOOP_ANALOG)
Warning[207] C:\USERS\ALBER\DOCUMENTS\GITHUB\LS-SDM-P1-2022\LS-SDM-P1-2022.X\NEWPIC_8B_GENERAL.ASM 401 : Found label after column 1. (LOOP_CONVER)
Warning[207] C:\USERS\ALBER\DOCUMENTS\GITHUB\LS-SDM-P1-2022\LS-SDM-P1-2022.X\NEWPIC_8B_GENERAL.ASM 417 : Found label after column 1. (LOOP_WAIT)
Warning[207] C:\USERS\ALBER\DOCUMENTS\GITHUB\LS-SDM-P1-2022\LS-SDM-P1-2022.X\NEWPIC_8B_GENERAL.ASM 419 : Found label after column 1. (LOOP_CWAIT)
Warning[207] C:\USERS\ALBER\DOCUMENTS\GITHUB\LS-SDM-P1-2022\LS-SDM-P1-2022.X\NEWPIC_8B_GENERAL.ASM 434 : Found label after column 1. (LOOP_WAITD)
Warning[207] C:\USERS\ALBER\DOCUMENTS\GITHUB\LS-SDM-P1-2022\LS-SDM-P1-2022.X\NEWPIC_8B_GENERAL.ASM 436 : Found label after column 1. (LOOP_DWAIT)
Warning[207] C:\USERS\ALBER\DOCUMENTS\GITHUB\LS-SDM-P1-2022\LS-SDM-P1-2022.X\NEWPIC_8B_GENERAL.ASM 468 : Found label after column 1. (ESPERA_CONVERSIO)
Warning[207] C:\USERS\ALBER\DOCUMENTS\GITHUB\LS-SDM-P1-2022\LS-SDM-P1-2022.X\NEWPIC_8B_GENERAL.ASM 499 : Found label after column 1. (CAGARRO2)
Warning[207] C:\USERS\ALBER\DOCUMENTS\GITHUB\LS-SDM-P1-2022\LS-SDM-P1-2022.X\NEWPIC_8B_GENERAL.ASM 506 : Found label after column 1. (ZONA_ENREGISTRAR)
Warning[207] C:\USERS\ALBER\DOCUMENTS\GITHUB\LS-SDM-P1-2022\LS-SDM-P1-2022.X\NEWPIC_8B_GENERAL.ASM 511 : Found label after column 1. (CAGARRO)
Warning[207] C:\USERS\ALBER\DOCUMENTS\GITHUB\LS-SDM-P1-2022\LS-SDM-P1-2022.X\NEWPIC_8B_GENERAL.ASM 521 : Found label after column 1. (FINAL_T)
Warning[203] C:\USERS\ALBER\DOCUMENTS\GITHUB\LS-SDM-P1-2022\LS-SDM-P1-2022.X\NEWPIC_8B_GENERAL.ASM 532 : Found opcode in column 1. (RETURN)
Warning[207] C:\USERS\ALBER\DOCUMENTS\GITHUB\LS-SDM-P1-2022\LS-SDM-P1-2022.X\NEWPIC_8B_GENERAL.ASM 558 : Found label after column 1. (MOSTRA_A)
Warning[207] C:\USERS\ALBER\DOCUMENTS\GITHUB\LS-SDM-P1-2022\LS-SDM-P1-2022.X\NEWPIC_8B_GENERAL.ASM 563 : Found label after column 1. (MOSTRA_B)
Warning[207] C:\USERS\ALBER\DOCUMENTS\GITHUB\LS-SDM-P1-2022\LS-SDM-P1-2022.X\NEWPIC_8B_GENERAL.ASM 568 : Found label after column 1. (MOSTRA_C)
Warning[207] C:\USERS\ALBER\DOCUMENTS\GITHUB\LS-SDM-P1-2022\LS-SDM-P1-2022.X\NEWPIC_8B_GENERAL.ASM 573 : Found label after column 1. (MOSTRA_D)
Warning[207] C:\USERS\ALBER\DOCUMENTS\GITHUB\LS-SDM-P1-2022\LS-SDM-P1-2022.X\NEWPIC_8B_GENERAL.ASM 578 : Found label after column 1. (MOSTRA_E)
Warning[207] C:\USERS\ALBER\DOCUMENTS\GITHUB\LS-SDM-P1-2022\LS-SDM-P1-2022.X\NEWPIC_8B_GENERAL.ASM 583 : Found label after column 1. (MOSTRA_F)
Warning[207] C:\USERS\ALBER\DOCUMENTS\GITHUB\LS-SDM-P1-2022\LS-SDM-P1-2022.X\NEWPIC_8B_GENERAL.ASM 588 : Found label after column 1. (MOSTRA_G)
Warning[207] C:\USERS\ALBER\DOCUMENTS\GITHUB\LS-SDM-P1-2022\LS-SDM-P1-2022.X\NEWPIC_8B_GENERAL.ASM 593 : Found label after column 1. (MOSTRA_C_MENOR)
Warning[207] C:\USERS\ALBER\DOCUMENTS\GITHUB\LS-SDM-P1-2022\LS-SDM-P1-2022.X\NEWPIC_8B_GENERAL.ASM 608 : Found label after column 1. (ESPERA_DESCLICAR_MODE_TOCAR)
Warning[207] C:\USERS\ALBER\DOCUMENTS\GITHUB\LS-SDM-P1-2022\LS-SDM-P1-2022.X\NEWPIC_8B_GENERAL.ASM 619 : Found label after column 1. (CANVIS_1S)
Warning[207] C:\USERS\ALBER\DOCUMENTS\GITHUB\LS-SDM-P1-2022\LS-SDM-P1-2022.X\NEWPIC_8B_GENERAL.ASM 627 : Found label after column 1. (NETEJAR_RAM)
Warning[207] C:\USERS\ALBER\DOCUMENTS\GITHUB\LS-SDM-P1-2022\LS-SDM-P1-2022.X\NEWPIC_8B_GENERAL.ASM 635 : Found label after column 1. (BUCLE_NETEJA_RAM)
Warning[208] C:\USERS\ALBER\DOCUMENTS\GITHUB\LS-SDM-P1-2022\LS-SDM-P1-2022.X\NEWPIC_8B_GENERAL.ASM 654 : Label truncated at 32 characters. (MOVIMENT_JAVA_MANUAL_SI_ENREGISTRAR_TAMBE)
Warning[207] C:\USERS\ALBER\DOCUMENTS\GITHUB\LS-SDM-P1-2022\LS-SDM-P1-2022.X\NEWPIC_8B_GENERAL.ASM 713 : Found label after column 1. (FAIL_INPUT)
Warning[207] C:\USERS\ALBER\DOCUMENTS\GITHUB\LS-SDM-P1-2022\LS-SDM-P1-2022.X\NEWPIC_8B_GENERAL.ASM 715 : Found label after column 1. (TROBAT_NOTA)
Warning[207] C:\USERS\ALBER\DOCUMENTS\GITHUB\LS-SDM-P1-2022\LS-SDM-P1-2022.X\NEWPIC_8B_GENERAL.ASM 724 : Found label after column 1. (LOOP_ESPERA_X)
Warning[207] C:\USERS\ALBER\DOCUMENTS\GITHUB\LS-SDM-P1-2022\LS-SDM-P1-2022.X\NEWPIC_8B_GENERAL.ASM 727 : Found label after column 1. (LOOP_ESPERA_X_2)
Warning[207] C:\USERS\ALBER\DOCUMENTS\GITHUB\LS-SDM-P1-2022\LS-SDM-P1-2022.X\NEWPIC_8B_GENERAL.ASM 730 : Found label after column 1. (LOOP_ESPERA_X_3)
Warning[207] C:\USERS\ALBER\DOCUMENTS\GITHUB\LS-SDM-P1-2022\LS-SDM-P1-2022.X\NEWPIC_8B_GENERAL.ASM 749 : Found label after column 1. (LOOP_ESPERA_BAIXADA)
Warning[207] C:\USERS\ALBER\DOCUMENTS\GITHUB\LS-SDM-P1-2022\LS-SDM-P1-2022.X\NEWPIC_8B_GENERAL.ASM 752 : Found label after column 1. (LOOP_ESPERA_BAIXADA_2)
Warning[207] C:\USERS\ALBER\DOCUMENTS\GITHUB\LS-SDM-P1-2022\LS-SDM-P1-2022.X\NEWPIC_8B_GENERAL.ASM 755 : Found label after column 1. (LOOP_ESPERA_BAIXADA_3)
Warning[203] C:\USERS\ALBER\DOCUMENTS\GITHUB\LS-SDM-P1-2022\LS-SDM-P1-2022.X\NEWPIC_8B_GENERAL.ASM 773 : Found opcode in column 1. (RETURN)
Warning[203] C:\USERS\ALBER\DOCUMENTS\GITHUB\LS-SDM-P1-2022\LS-SDM-P1-2022.X\NEWPIC_8B_GENERAL.ASM 780 : Found opcode in column 1. (RETURN)
Warning[207] C:\USERS\ALBER\DOCUMENTS\GITHUB\LS-SDM-P1-2022\LS-SDM-P1-2022.X\NEWPIC_8B_GENERAL.ASM 793 : Found label after column 1. (REPRODUINT_AUTO_BUCLE)
Warning[207] C:\USERS\ALBER\DOCUMENTS\GITHUB\LS-SDM-P1-2022\LS-SDM-P1-2022.X\NEWPIC_8B_GENERAL.ASM 803 : Found label after column 1. (FI_SONG)
Warning[207] C:\USERS\ALBER\DOCUMENTS\GITHUB\LS-SDM-P1-2022\LS-SDM-P1-2022.X\NEWPIC_8B_GENERAL.ASM 809 : Found label after column 1. (PRE_AUTO_MODE)
Warning[207] C:\USERS\ALBER\DOCUMENTS\GITHUB\LS-SDM-P1-2022\LS-SDM-P1-2022.X\NEWPIC_8B_GENERAL.ASM 817 : Found label after column 1. (PRE_AUTO_MODE_CHECK_PLAY_BUTTON)
Warning[207] C:\USERS\ALBER\DOCUMENTS\GITHUB\LS-SDM-P1-2022\LS-SDM-P1-2022.X\NEWPIC_8B_GENERAL.ASM 821 : Found label after column 1. (PRE_AUTO_MODE_CHECK_PIR)
Warning[208] C:\USERS\ALBER\DOCUMENTS\GITHUB\LS-SDM-P1-2022\LS-SDM-P1-2022.X\NEWPIC_8B_GENERAL.ASM 838 : Label truncated at 32 characters. (CONTROL_REBOTS_PLAY_BUTTON_DESCLICAR)
Warning[208] C:\USERS\ALBER\DOCUMENTS\GITHUB\LS-SDM-P1-2022\LS-SDM-P1-2022.X\NEWPIC_8B_GENERAL.ASM 841 : Label truncated at 32 characters. (CONTROL_REBOTS_PLAY_BUTTON_BAIXADA)
Warning[207] C:\USERS\ALBER\DOCUMENTS\GITHUB\LS-SDM-P1-2022\LS-SDM-P1-2022.X\NEWPIC_8B_GENERAL.ASM 871 : Found label after column 1. (LOOP_LLEGEIX)
Warning[207] C:\USERS\ALBER\DOCUMENTS\GITHUB\LS-SDM-P1-2022\LS-SDM-P1-2022.X\NEWPIC_8B_GENERAL.ASM 881 : Found label after column 1. (LOOP_TEMPS)
Warning[207] C:\USERS\ALBER\DOCUMENTS\GITHUB\LS-SDM-P1-2022\LS-SDM-P1-2022.X\NEWPIC_8B_GENERAL.ASM 889 : Found label after column 1. (LAST_ITERACIO)
Warning[207] C:\USERS\ALBER\DOCUMENTS\GITHUB\LS-SDM-P1-2022\LS-SDM-P1-2022.X\NEWPIC_8B_GENERAL.ASM 919 : Found label after column 1. (LOOP_MS)
Warning[207] C:\USERS\ALBER\DOCUMENTS\GITHUB\LS-SDM-P1-2022\LS-SDM-P1-2022.X\NEWPIC_8B_GENERAL.ASM 949 : Found label after column 1. (END_LOOP_MAIN)
Warning[205] C:\USERS\ALBER\DOCUMENTS\GITHUB\LS-SDM-P1-2022\LS-SDM-P1-2022.X\NEWPIC_8B_GENERAL.ASM 957 : Found directive in column 1. (END)
