Warning[205] C:\USERS\GERAR\DOCUMENTS\UNI\3R TELECOS\COMPUS P2_FASEA\LS-SDM-P1-2022\LS-SDM-P1-2022.X\NEWPIC_8B_GENERAL.ASM 1 : Found directive in column 1. (LIST)
Warning[215] C:\USERS\GERAR\DOCUMENTS\UNI\3R TELECOS\COMPUS P2_FASEA\LS-SDM-P1-2022\LS-SDM-P1-2022.X\NEWPIC_8B_GENERAL.ASM 1 : Processor superseded by command line.  Verify processor symbol.
Warning[207] C:\USERS\GERAR\DOCUMENTS\UNI\3R TELECOS\COMPUS P2_FASEA\LS-SDM-P1-2022\LS-SDM-P1-2022.X\NEWPIC_8B_GENERAL.ASM 165 : Found label after column 1. (INCREMENTA_VAR)
Warning[207] C:\USERS\GERAR\DOCUMENTS\UNI\3R TELECOS\COMPUS P2_FASEA\LS-SDM-P1-2022\LS-SDM-P1-2022.X\NEWPIC_8B_GENERAL.ASM 173 : Found label after column 1. (RESET_VAR)
Warning[207] C:\USERS\GERAR\DOCUMENTS\UNI\3R TELECOS\COMPUS P2_FASEA\LS-SDM-P1-2022\LS-SDM-P1-2022.X\NEWPIC_8B_GENERAL.ASM 180 : Found label after column 1. (LOOP_ESPERAPWM)
Warning[207] C:\USERS\GERAR\DOCUMENTS\UNI\3R TELECOS\COMPUS P2_FASEA\LS-SDM-P1-2022\LS-SDM-P1-2022.X\NEWPIC_8B_GENERAL.ASM 191 : Found label after column 1. (LOOP_GRAUS)
Warning[207] C:\USERS\GERAR\DOCUMENTS\UNI\3R TELECOS\COMPUS P2_FASEA\LS-SDM-P1-2022\LS-SDM-P1-2022.X\NEWPIC_8B_GENERAL.ASM 200 : Found label after column 1. (LOOP_ESPERAPWM2)
Warning[207] C:\USERS\GERAR\DOCUMENTS\UNI\3R TELECOS\COMPUS P2_FASEA\LS-SDM-P1-2022\LS-SDM-P1-2022.X\NEWPIC_8B_GENERAL.ASM 211 : Found label after column 1. (LOOP_GRAUS2)
Warning[207] C:\USERS\GERAR\DOCUMENTS\UNI\3R TELECOS\COMPUS P2_FASEA\LS-SDM-P1-2022\LS-SDM-P1-2022.X\NEWPIC_8B_GENERAL.ASM 223 : Found label after column 1. (VERD)
Warning[207] C:\USERS\GERAR\DOCUMENTS\UNI\3R TELECOS\COMPUS P2_FASEA\LS-SDM-P1-2022\LS-SDM-P1-2022.X\NEWPIC_8B_GENERAL.ASM 227 : Found label after column 1. (VERMELL)
Warning[207] C:\USERS\GERAR\DOCUMENTS\UNI\3R TELECOS\COMPUS P2_FASEA\LS-SDM-P1-2022\LS-SDM-P1-2022.X\NEWPIC_8B_GENERAL.ASM 231 : Found label after column 1. (POLLANCRE)
Warning[207] C:\USERS\GERAR\DOCUMENTS\UNI\3R TELECOS\COMPUS P2_FASEA\LS-SDM-P1-2022\LS-SDM-P1-2022.X\NEWPIC_8B_GENERAL.ASM 274 : Found label after column 1. (ESPERA_DESCLICAR_CANVI_A_AUTO)
Warning[207] C:\USERS\GERAR\DOCUMENTS\UNI\3R TELECOS\COMPUS P2_FASEA\LS-SDM-P1-2022\LS-SDM-P1-2022.X\NEWPIC_8B_GENERAL.ASM 285 : Found label after column 1. (ESPERA_DESCLICAR_CANVI_A_MANUAL)
Warning[207] C:\USERS\GERAR\DOCUMENTS\UNI\3R TELECOS\COMPUS P2_FASEA\LS-SDM-P1-2022\LS-SDM-P1-2022.X\NEWPIC_8B_GENERAL.ASM 296 : Found label after column 1. (LOOP_ANALOG)
Warning[207] C:\USERS\GERAR\DOCUMENTS\UNI\3R TELECOS\COMPUS P2_FASEA\LS-SDM-P1-2022\LS-SDM-P1-2022.X\NEWPIC_8B_GENERAL.ASM 298 : Found label after column 1. (LOOP_CONVER)
Warning[207] C:\USERS\GERAR\DOCUMENTS\UNI\3R TELECOS\COMPUS P2_FASEA\LS-SDM-P1-2022\LS-SDM-P1-2022.X\NEWPIC_8B_GENERAL.ASM 314 : Found label after column 1. (LOOP_WAIT)
Warning[207] C:\USERS\GERAR\DOCUMENTS\UNI\3R TELECOS\COMPUS P2_FASEA\LS-SDM-P1-2022\LS-SDM-P1-2022.X\NEWPIC_8B_GENERAL.ASM 316 : Found label after column 1. (LOOP_CWAIT)
Warning[207] C:\USERS\GERAR\DOCUMENTS\UNI\3R TELECOS\COMPUS P2_FASEA\LS-SDM-P1-2022\LS-SDM-P1-2022.X\NEWPIC_8B_GENERAL.ASM 331 : Found label after column 1. (LOOP_WAITD)
Warning[207] C:\USERS\GERAR\DOCUMENTS\UNI\3R TELECOS\COMPUS P2_FASEA\LS-SDM-P1-2022\LS-SDM-P1-2022.X\NEWPIC_8B_GENERAL.ASM 333 : Found label after column 1. (LOOP_DWAIT)
Warning[207] C:\USERS\GERAR\DOCUMENTS\UNI\3R TELECOS\COMPUS P2_FASEA\LS-SDM-P1-2022\LS-SDM-P1-2022.X\NEWPIC_8B_GENERAL.ASM 365 : Found label after column 1. (ESPERA_CONVERSIO)
Warning[207] C:\USERS\GERAR\DOCUMENTS\UNI\3R TELECOS\COMPUS P2_FASEA\LS-SDM-P1-2022\LS-SDM-P1-2022.X\NEWPIC_8B_GENERAL.ASM 400 : Found label after column 1. (FINAL_T)
Warning[203] C:\USERS\GERAR\DOCUMENTS\UNI\3R TELECOS\COMPUS P2_FASEA\LS-SDM-P1-2022\LS-SDM-P1-2022.X\NEWPIC_8B_GENERAL.ASM 410 : Found opcode in column 1. (RETURN)
Warning[207] C:\USERS\GERAR\DOCUMENTS\UNI\3R TELECOS\COMPUS P2_FASEA\LS-SDM-P1-2022\LS-SDM-P1-2022.X\NEWPIC_8B_GENERAL.ASM 436 : Found label after column 1. (MOSTRA_A)
Warning[207] C:\USERS\GERAR\DOCUMENTS\UNI\3R TELECOS\COMPUS P2_FASEA\LS-SDM-P1-2022\LS-SDM-P1-2022.X\NEWPIC_8B_GENERAL.ASM 441 : Found label after column 1. (MOSTRA_B)
Warning[207] C:\USERS\GERAR\DOCUMENTS\UNI\3R TELECOS\COMPUS P2_FASEA\LS-SDM-P1-2022\LS-SDM-P1-2022.X\NEWPIC_8B_GENERAL.ASM 446 : Found label after column 1. (MOSTRA_C)
Warning[207] C:\USERS\GERAR\DOCUMENTS\UNI\3R TELECOS\COMPUS P2_FASEA\LS-SDM-P1-2022\LS-SDM-P1-2022.X\NEWPIC_8B_GENERAL.ASM 451 : Found label after column 1. (MOSTRA_D)
Warning[207] C:\USERS\GERAR\DOCUMENTS\UNI\3R TELECOS\COMPUS P2_FASEA\LS-SDM-P1-2022\LS-SDM-P1-2022.X\NEWPIC_8B_GENERAL.ASM 456 : Found label after column 1. (MOSTRA_E)
Warning[207] C:\USERS\GERAR\DOCUMENTS\UNI\3R TELECOS\COMPUS P2_FASEA\LS-SDM-P1-2022\LS-SDM-P1-2022.X\NEWPIC_8B_GENERAL.ASM 461 : Found label after column 1. (MOSTRA_F)
Warning[207] C:\USERS\GERAR\DOCUMENTS\UNI\3R TELECOS\COMPUS P2_FASEA\LS-SDM-P1-2022\LS-SDM-P1-2022.X\NEWPIC_8B_GENERAL.ASM 466 : Found label after column 1. (MOSTRA_G)
Warning[207] C:\USERS\GERAR\DOCUMENTS\UNI\3R TELECOS\COMPUS P2_FASEA\LS-SDM-P1-2022\LS-SDM-P1-2022.X\NEWPIC_8B_GENERAL.ASM 471 : Found label after column 1. (MOSTRA_C_MENOR)
Warning[207] C:\USERS\GERAR\DOCUMENTS\UNI\3R TELECOS\COMPUS P2_FASEA\LS-SDM-P1-2022\LS-SDM-P1-2022.X\NEWPIC_8B_GENERAL.ASM 491 : Found label after column 1. (ESPERA_DESCLICAR_MODE_TOCAR)
Warning[207] C:\USERS\GERAR\DOCUMENTS\UNI\3R TELECOS\COMPUS P2_FASEA\LS-SDM-P1-2022\LS-SDM-P1-2022.X\NEWPIC_8B_GENERAL.ASM 502 : Found label after column 1. (RECORD)
Warning[207] C:\USERS\GERAR\DOCUMENTS\UNI\3R TELECOS\COMPUS P2_FASEA\LS-SDM-P1-2022\LS-SDM-P1-2022.X\NEWPIC_8B_GENERAL.ASM 578 : Found label after column 1. (LOOP_ESPERA_X)
Warning[207] C:\USERS\GERAR\DOCUMENTS\UNI\3R TELECOS\COMPUS P2_FASEA\LS-SDM-P1-2022\LS-SDM-P1-2022.X\NEWPIC_8B_GENERAL.ASM 581 : Found label after column 1. (LOOP_ESPERA_X_2)
Warning[207] C:\USERS\GERAR\DOCUMENTS\UNI\3R TELECOS\COMPUS P2_FASEA\LS-SDM-P1-2022\LS-SDM-P1-2022.X\NEWPIC_8B_GENERAL.ASM 584 : Found label after column 1. (LOOP_ESPERA_X_3)
Warning[207] C:\USERS\GERAR\DOCUMENTS\UNI\3R TELECOS\COMPUS P2_FASEA\LS-SDM-P1-2022\LS-SDM-P1-2022.X\NEWPIC_8B_GENERAL.ASM 603 : Found label after column 1. (LOOP_ESPERA_BAIXADA)
Warning[207] C:\USERS\GERAR\DOCUMENTS\UNI\3R TELECOS\COMPUS P2_FASEA\LS-SDM-P1-2022\LS-SDM-P1-2022.X\NEWPIC_8B_GENERAL.ASM 606 : Found label after column 1. (LOOP_ESPERA_BAIXADA_2)
Warning[207] C:\USERS\GERAR\DOCUMENTS\UNI\3R TELECOS\COMPUS P2_FASEA\LS-SDM-P1-2022\LS-SDM-P1-2022.X\NEWPIC_8B_GENERAL.ASM 609 : Found label after column 1. (LOOP_ESPERA_BAIXADA_3)
Warning[203] C:\USERS\GERAR\DOCUMENTS\UNI\3R TELECOS\COMPUS P2_FASEA\LS-SDM-P1-2022\LS-SDM-P1-2022.X\NEWPIC_8B_GENERAL.ASM 623 : Found opcode in column 1. (RETURN)
Warning[207] C:\USERS\GERAR\DOCUMENTS\UNI\3R TELECOS\COMPUS P2_FASEA\LS-SDM-P1-2022\LS-SDM-P1-2022.X\NEWPIC_8B_GENERAL.ASM 647 : Found label after column 1. (PRE_AUTO_MODE)
Warning[207] C:\USERS\GERAR\DOCUMENTS\UNI\3R TELECOS\COMPUS P2_FASEA\LS-SDM-P1-2022\LS-SDM-P1-2022.X\NEWPIC_8B_GENERAL.ASM 654 : Found label after column 1. (PRE_AUTO_MODE_CHECK_PIR)
Warning[207] C:\USERS\GERAR\DOCUMENTS\UNI\3R TELECOS\COMPUS P2_FASEA\LS-SDM-P1-2022\LS-SDM-P1-2022.X\NEWPIC_8B_GENERAL.ASM 696 : Found label after column 1. (END_LOOP_MAIN)
Warning[205] C:\USERS\GERAR\DOCUMENTS\UNI\3R TELECOS\COMPUS P2_FASEA\LS-SDM-P1-2022\LS-SDM-P1-2022.X\NEWPIC_8B_GENERAL.ASM 704 : Found directive in column 1. (END)
