MPASM 5.86             NEWPIC_8B_GENERAL.ASM   3-10-2022  13:43:21         PAGE  1


LOC  OBJECT CODE     LINE SOURCE TEXT
  VALUE

                      00001 ;falta comporvar rebots de baixada:
                      00002     ; play button OK, JA FET
Warning[215]: Processor superseded by command line.  Verify processor symbol.
                      00003     LIST P=PIC18F4321   F=INHX32
                      00004 #include <p18f4321.inc>
                      00001         LIST
                      00002 
                      00003 ;==========================================================================
                      00004 ; Build date : Oct 24 2019
                      00005 ;  MPASM PIC18F4321 processor include
                      00006 ; 
                      00007 ;  (c) Copyright 1999-2019 Microchip Technology, All rights reserved
                      00008 ;==========================================================================
                      00009 
                      01455         LIST
                      00005 
                      00006     CONFIG OSC=HSPLL        
                      00007     CONFIG PBADEN=DIG       ;PORTB com a Digital (el posem a 0)
                      00008     CONFIG WDT=OFF          ;Desactivem el Watch Dog Timer
                      00009     CONFIG LVP=OFF          ;Evitar resets eusart
                      00010 ;--------------------------------DECLARACIO_VARS--------------------------------
  00000000            00011 SEVEN_SEG_C EQU 0X00
  00000001            00012 SEVEN_SEG_D EQU 0X01
  00000002            00013 SEVEN_SEG_E EQU 0X02
  00000003            00014 SEVEN_SEG_F EQU 0X03
  00000004            00015 SEVEN_SEG_G EQU 0X04
  00000005            00016 SEVEN_SEG_A EQU 0X05
  00000006            00017 SEVEN_SEG_B EQU 0X06
  00000007            00018 SEVEN_SEG_C_MENOR EQU 0X07
  00000008            00019 TMP_timer EQU 0X08
  0000000A            00020 MODE_ACTUAL EQU 0X0A
                      00021  ; mode: (0s per defecte al init)
                      00022  ; b7[0:manual, 1:automatic]
                      00023  ; b6[0:no s'ha rebut la P encara pero estem en auto, 1:s'ha rebut la P]
                      00024  ; b5[0: mode manual joystick; 1: mode manual java]
                      00025  ; b4[0: pwm al servo X; 1: pwm al servo Y]
                      00026  ; b3[0: encara no ha arribat a 1segon. 1: ha arribat a 1 segon]
                      00027  ; b2[0: no record; 1: record actiu]
                      00028  ; b1[1:s'està reproduint NO-RECORD-NO SI-PLAY-SI; 0: no reproduint, normal]
  0000000B            00029 EUSART_INPUT EQU 0X0B
                      00030 
  0000000C            00031 TMP3 EQU 0X0C
  0000000D            00032 TMP4 EQU 0X0D
  0000000E            00033 VAR_CONVER EQU 0X0E
  0000000F            00034 VAR_COMP EQU 0X0F
  00000010            00035 PWM_VAR EQU 0X10
  00000011            00036 PWM_AUX EQU 0X11
  00000012            00037 COMPT_GRAUS EQU 0X12
  00000013            00038 TMP EQU 0X13
  00000014            00039 TMP2 EQU 0X14
  00000015            00040 VAR_CONVER2 EQU 0X15
  00000016            00041 VAR_COMP2 EQU 0X16
  00000017            00042 PWM_VAR2 EQU 0X17
MPASM 5.86             NEWPIC_8B_GENERAL.ASM   3-10-2022  13:43:21         PAGE  2


LOC  OBJECT CODE     LINE SOURCE TEXT
  VALUE

  00000018            00043 PWM_AUX2 EQU 0X18
  0000001A            00044 COMPT_GRAUS2 EQU 0X1A
  0000001B            00045 VAR_TOKEN2 EQU 0X1B
  0000001C            00046 ULTIMA_NOTA EQU 0X1C
  0000001D            00047 COMPTADOR_RAM EQU 0X1D
  0000001E            00048 TEMPS_LOW EQU 0X1E
  0000001F            00049 TEMPS_HIGH EQU 0X1F
  00000020            00050 FLAGS2 EQU 0x20
  00000021            00051 FLAGS3 EQU 0x21
  00000022            00052 FLAGS4 EQU 0x22
  00000023            00053 OFFSET EQU 0x23
  00000024            00054 NOTA_RAM EQU 0x24
  00000025            00055 TEMPS_HIGH_RAM EQU 0x25
  00000026            00056 TEMPS_LOW_RAM EQU 0x26
  00000027            00057 FLAG_ESPERAL EQU 0x27
  00000028            00058 FLAG_ESPERAH EQU 0x28
  00000029            00059 FLAG_TEMPS EQU 0x29
                      00060 
                      00061     ORG 0x000
000000 EF?? F???      00062     GOTO MAIN
                      00063     ORG 0x008
000008 EF?? F???      00064     GOTO HIGH_RSI
                      00065     ORG 0x018
000018 0011           00066     RETFIE FAST
                      00067 ;-----------------------------------HIGH_RSI------------------------------------
00001A                00068 HIGH_RSI
00001A B4F2           00069     BTFSC INTCON, TMR0IF, 0
00001C EC?? F???      00070     CALL ACTION_TMR 
000020 0011           00071     RETFIE FAST
                      00072 ;---------------------------------CONFIG I INITS--------------------------------
000022                00073 CONFIG_PORTS
000022 0E03           00074     MOVLW b'00000011'
000024 6E92           00075     MOVWF TRISA,0
000026 9489           00076     BCF LATA,2,0
000028 9689           00077     BCF LATA,3,0
                      00078     
00002A 8093           00079     BSF TRISB, 0, 0
00002C 8293           00080     BSF TRISB, 1, 0
00002E 8493           00081     BSF TRISB, 2, 0
000030 8693           00082     BSF TRISB, 3, 0
000032 8893           00083     BSF TRISB, 4, 0
                      00084     
000034 6A95           00085     CLRF TRISD,0
000036 6A8C           00086     CLRF LATD,0
                      00087     
000038 0EC0           00088     MOVLW b'11000000'
00003A 6E94           00089     MOVWF TRISC,0
                      00090     
00003C 908B           00091     BCF LATC,0,0
00003E 928B           00092     BCF LATC,1,0
000040 948B           00093     BCF LATC,2,0
000042 968B           00094     BCF LATC,3,0
000044 0012           00095     RETURN
MPASM 5.86             NEWPIC_8B_GENERAL.ASM   3-10-2022  13:43:21         PAGE  3


LOC  OBJECT CODE     LINE SOURCE TEXT
  VALUE

                      00096     
000046                00097 INIT_VARS
000046 0E33           00098     MOVLW b'00110011'
000048 6E00           00099     MOVWF SEVEN_SEG_C,0
00004A 0E4F           00100     MOVLW b'01001111'
00004C 6E01           00101     MOVWF SEVEN_SEG_D,0
00004E 0E3B           00102     MOVLW b'00111011'
000050 6E02           00103     MOVWF SEVEN_SEG_E,0
000052 0E39           00104     MOVLW b'00111001'
000054 6E03           00105     MOVWF SEVEN_SEG_F
000056 0E7E           00106     MOVLW b'01111110'
000058 6E04           00107     MOVWF SEVEN_SEG_G
00005A 0E7D           00108     MOVLW b'01111101'
00005C 6E05           00109     MOVWF SEVEN_SEG_A
00005E 0E1F           00110     MOVLW b'00011111'
000060 6E06           00111     MOVWF SEVEN_SEG_B
000062 0E0B           00112     MOVLW b'00001011'
000064 6E07           00113     MOVWF SEVEN_SEG_C_MENOR
                      00114     
000066 6A0A           00115     CLRF MODE_ACTUAL,0
000068 6A1B           00116     CLRF VAR_TOKEN2, 0
00006A 6A29           00117     CLRF FLAG_TEMPS, 0
                      00118     
00006C 0E27           00119     MOVLW .39
00006E 6E10           00120     MOVWF PWM_VAR,0
000070 6E17           00121     MOVWF PWM_VAR2,0
                      00122     
                      00123     
000072 6AE1           00124     CLRF FSR1L,0
000074 6AE2           00125     CLRF FSR1H,0
000076 82E2           00126     BSF FSR1H,1,0
000078 6A1D           00127     CLRF COMPTADOR_RAM,0
00007A 6A1C           00128     CLRF ULTIMA_NOTA,0
00007C 6A1F           00129     CLRF TEMPS_HIGH, 0
00007E 6A1E           00130     CLRF TEMPS_LOW, 0
                      00131     
000080 0012           00132     RETURN
                      00133     
000082                00134 INIT_EUSART
000082 0E24           00135     movlw b'00100100'
000084 6EAC           00136     movwf TXSTA,0
000086 0E90           00137     movlw b'10010000'
000088 6EAB           00138     movwf RCSTA,0
00008A 0E08           00139     movlw b'00001000'
00008C 6EB8           00140     movwf BAUDCON,0
00008E 0E04           00141     movlw HIGH(.1040)
000090 6EB0           00142     movwf SPBRGH,0
000092 0E10           00143     movlw LOW(.1040)
000094 6EAF           00144     movwf SPBRG,0     
                      00145     
000096                00146 CONFIG_ADC
000096 80C2           00147     BSF ADCON0, ADON, 0 ;Converter module enabled.
000098 0E0D           00148     MOVLW b'00001101'  ;AN0 analog
MPASM 5.86             NEWPIC_8B_GENERAL.ASM   3-10-2022  13:43:21         PAGE  4


LOC  OBJECT CODE     LINE SOURCE TEXT
  VALUE

00009A 6EC1           00149     MOVWF ADCON1, 0
00009C 9EC0           00150     BCF ADCON2, ADFM, 0 ;Left justified
00009E 8AC0           00151     BSF ADCON2, 5, 0   ;Toquem aquests bits perqu? trigui m?s a convertir
0000A0 88C0           00152     BSF ADCON2, 4, 0
0000A2 84C0           00153     BSF ADCON2, 2, 0
0000A4 80C0           00154     BSF ADCON2, 0, 0
0000A6 0012           00155     RETURN    
0000A8                00156 CONFIG_TIMER
0000A8 0E91           00157     MOVLW b'10010001'
0000AA 6ED5           00158     MOVWF T0CON,0   
0000AC EC?? F???      00159     CALL CARREGA_TIMER
0000B0 0012           00160     RETURN
0000B2                00161 CARREGA_TIMER
0000B2 0E3C           00162     MOVLW HIGH(.15536);;cada 20ms
0000B4 6ED7           00163     MOVWF TMR0H,0
0000B6 0EB0           00164     MOVLW LOW(.15536)
0000B8 6ED6           00165     MOVWF TMR0L,0
0000BA 0012           00166     RETURN
0000BC                00167 CONFIG_INTERRUPTS
0000BC 0EE0           00168     MOVLW b'11100000'
0000BE 6EF2           00169     MOVWF INTCON,0
0000C0 9EF1           00170     BCF INTCON2,RBPU,0
                      00171     
0000C2 0012           00172     RETURN
                      00173     
                      00174 ;-----------------------------------FUNCIONS------------------------------------
                      00175 ;timer servo
0000C4                00176 ACTION_TMR
0000C4 EC?? F???      00177     CALL CARREGA_TIMER;reiniciem el timer
0000C8 94F2           00178     BCF INTCON,TMR0IF,0;quan salti una interrupcio qualsevol, nomes tenim timer0 de moment
                      00179     
0000CA A80A           00180     BTFSS MODE_ACTUAL,4,0
0000CC EC?? F???      00181     CALL PWM;si es 0 fem el normal X
0000D0 B80A           00182     BTFSC MODE_ACTUAL,4,0
0000D2 EC?? F???      00183     CALL PWM2;si es 1 fem l'Y
                      00184 
                      00185     
                      00186     
                      00187     ;Comptar temps entre nota i nota
0000D6 A40A           00188     BTFSS MODE_ACTUAL,2,0
0000D8 EF?? F???      00189     GOTO NEXT
                      00190     
                      00191     
                      00192     
                      00193     
                      00194     
                      00195     
0000DC 0EEA           00196         MOVLW b'11101010'
0000DE 5C1F           00197     SUBWF TEMPS_HIGH, 0, 0
0000E0 B4D8           00198     BTFSC STATUS, Z, 0
0000E2 EF?? F???      00199     GOTO COMPROVA_TEMPS_LOW
0000E6 EF?? F???      00200     GOTO INCREMENTA_LOW
                      00201     
MPASM 5.86             NEWPIC_8B_GENERAL.ASM   3-10-2022  13:43:21         PAGE  5


LOC  OBJECT CODE     LINE SOURCE TEXT
  VALUE

Warning[207]: Found label after column 1. (COMPROVA_TEMPS_LOW)
0000EA                00202     COMPROVA_TEMPS_LOW
0000EA 0E60           00203         MOVLW b'01100000'
0000EC 5C1E           00204         SUBWF TEMPS_LOW, 0, 0
0000EE B4D8           00205         BTFSC STATUS, Z, 0
0000F0 940A           00206         BCF MODE_ACTUAL, 2, 0  ;Si ha passat mes d'1 minut (60.000 -- 1110 1010 0110 0000), sortim d'enr
                            egistrar
                      00207     
                      00208     
                      00209     
                      00210     
                      00211     
                      00212     
                      00213     
Warning[207]: Found label after column 1. (INCREMENTA_LOW)
0000F2                00214     INCREMENTA_LOW
0000F2 C01E F021      00215         MOVFF TEMPS_LOW, FLAGS3 ;Movem el valor abans de sumar per no perdre'l en cas d'OV
0000F6 0E14           00216         MOVLW .20
0000F8 261E           00217         ADDWF TEMPS_LOW, 1, 0
0000FA B6D8           00218         BTFSC STATUS, OV, 0
0000FC EF?? F???      00219         GOTO OVER_FLOW
000100 EF?? F???      00220         GOTO NEXT
                      00221     
Warning[207]: Found label after column 1. (OVER_FLOW)
000104                00222     OVER_FLOW
000104 0E14           00223         MOVLW .20
000106 6E23           00224         MOVWF OFFSET, 0
000108 0EFF           00225         MOVLW .255
00010A 6E22           00226         MOVWF FLAGS4, 0    ;Flags 4 val 255
00010C 5021           00227         MOVF FLAGS3, 0, 0  ;Movem valor abans del OV al W
00010E 5C22           00228         SUBWF FLAGS4, 0, 0
000110 5E23           00229         SUBWF OFFSET, 1, 0 ;20 - (255-valor) = offset
000112 C023 F01E      00230         MOVFF OFFSET, TEMPS_LOW
000116 061E           00231         DECF TEMPS_LOW, 1, 0
                      00232         
Warning[207]: Found label after column 1. (INCREMENTA_HIGH)
000118                00233     INCREMENTA_HIGH
000118 2A1F           00234         INCF TEMPS_HIGH, 1, 0
                      00235 
                      00236     
Warning[207]: Found label after column 1. (NEXT)
00011A                00237     NEXT
                      00238     
                      00239     ;Comprovar si es prem pulsador change mode actual, mes d'1 segon
00011A A681           00240     BTFSS PORTB, 3, 0
00011C EF?? F???      00241     GOTO INCREMENTA_VAR
000120 EF?? F???      00242     GOTO RESET_VAR
                      00243     
Warning[207]: Found label after column 1. (INCREMENTA_VAR)
000124                00244     INCREMENTA_VAR
000124 2A1B           00245         INCF VAR_TOKEN2, 1, 0
000126 0E32           00246         MOVLW .50
000128 5C1B           00247         SUBWF VAR_TOKEN2, 0, 0
MPASM 5.86             NEWPIC_8B_GENERAL.ASM   3-10-2022  13:43:21         PAGE  6


LOC  OBJECT CODE     LINE SOURCE TEXT
  VALUE

00012A B4D8           00248         BTFSC STATUS, Z, 0
00012C 860A           00249         BSF MODE_ACTUAL, 3, 0
00012E 0012           00250         RETURN
                      00251         
Warning[207]: Found label after column 1. (RESET_VAR)
000130                00252     RESET_VAR
000130 6A1B           00253         CLRF VAR_TOKEN2, 0
                      00254     
000132 0012           00255     RETURN
000134                00256 PWM
000134 C010 F011      00257     MOVFF PWM_VAR, PWM_AUX
000138 8489           00258     BSF LATA,2,0
Warning[207]: Found label after column 1. (LOOP_ESPERAPWM)
00013A                00259     LOOP_ESPERAPWM
00013A EC?? F???      00260         CALL ESPERA_GRAUS
00013E 2E10           00261         DECFSZ PWM_VAR,1,0
000140 EF?? F???      00262         GOTO LOOP_ESPERAPWM
000144 9489           00263     BCF LATA,2,0
000146 C011 F010      00264     MOVFF PWM_AUX, PWM_VAR
00014A 0012           00265     RETURN
                      00266     
00014C                00267 ESPERA_GRAUS
00014C 0E29           00268     MOVLW .41 ;13us un sol grau, canviar a posicions
00014E 6E12           00269     MOVWF COMPT_GRAUS,0
Warning[207]: Found label after column 1. (LOOP_GRAUS)
000150                00270     LOOP_GRAUS
000150 2E12           00271         DECFSZ COMPT_GRAUS,1,0
000152 EF?? F???      00272         GOTO LOOP_GRAUS
000156 0012           00273     RETURN
                      00274 ;------------
000158                00275 PWM2
                      00276     
000158 C017 F018      00277     MOVFF PWM_VAR2, PWM_AUX2
00015C 8689           00278     BSF LATA,3,0
Warning[207]: Found label after column 1. (LOOP_ESPERAPWM2)
00015E                00279     LOOP_ESPERAPWM2
00015E EC?? F???      00280         CALL ESPERA_GRAUS2
000162 2E17           00281         DECFSZ PWM_VAR2,1,0
000164 EF?? F???      00282         GOTO LOOP_ESPERAPWM2
000168 9689           00283     BCF LATA,3,0
00016A C018 F017      00284     MOVFF PWM_AUX2, PWM_VAR2
00016E 0012           00285     RETURN
                      00286     
000170                00287 ESPERA_GRAUS2
000170 0E29           00288     MOVLW .41
000172 6E1A           00289     MOVWF COMPT_GRAUS2,0
Warning[207]: Found label after column 1. (LOOP_GRAUS2)
000174                00290     LOOP_GRAUS2
000174 2E1A           00291         DECFSZ COMPT_GRAUS2,1,0
000176 EF?? F???      00292         GOTO LOOP_GRAUS2
00017A 0012           00293     RETURN
                      00294     ;---------
                      00295 ;--------------mode manual--------------
MPASM 5.86             NEWPIC_8B_GENERAL.ASM   3-10-2022  13:43:21         PAGE  7


LOC  OBJECT CODE     LINE SOURCE TEXT
  VALUE

00017C                00296 ENREGISTRAR
00017C C01C FFE6      00297     MOVFF ULTIMA_NOTA, POSTINC1
000180 C01C FF8C      00298     MOVFF ULTIMA_NOTA, LATD
000184 C01E FFE6      00299     MOVFF TEMPS_LOW, POSTINC1
000188 C01F FFE6      00300     MOVFF TEMPS_HIGH, POSTINC1
00018C 2A1D           00301     INCF COMPTADOR_RAM,1,0
00018E 6A1E           00302     CLRF TEMPS_LOW, 0      ;Despres de guardar a la ram, netegem variables SEMPRE
000190 6A1F           00303     CLRF TEMPS_HIGH, 0
000192 0012           00304     RETURN
                      00305     
000194                00306 FUNCIO_MODE_MANUAL
                      00307     
000194 A40A           00308     BTFSS MODE_ACTUAL,2,0
000196 EF?? F???      00309     GOTO VERD
00019A EF?? F???      00310     GOTO VERMELL
                      00311     
Warning[207]: Found label after column 1. (VERD)
00019E                00312     VERD
00019E 848B           00313     BSF LATC, 2,0;veRD
0001A0 EF?? F???      00314     GOTO POLLANCRE
                      00315 
Warning[207]: Found label after column 1. (VERMELL)
0001A4                00316     VERMELL
0001A4 828B           00317     BSF LATC, 1,0;veRMELL
0001A6 948B           00318     BCF LATC,2,0
                      00319     
Warning[207]: Found label after column 1. (POLLANCRE)
0001A8                00320     POLLANCRE
                      00321     
                      00322     
                      00323     
                      00324     
                      00325     ;codi funcio manual
0001A8 EC?? F???      00326     CALL MIRA_MODE_ENTRADA;joystick o java
                      00327     
0001AC AA0A           00328     BTFSS MODE_ACTUAL,5,0
0001AE EC?? F???      00329     CALL MOVIMENT_JOYSTICK
0001B2 BA0A           00330     BTFSC MODE_ACTUAL,5,0
0001B4 EC?? F???      00331     CALL MOVIMENT_JAVA_MANUAL
                      00332     
                      00333     
                      00334     
                      00335     ;EVITAR SORTIR
0001B8 B40A           00336     BTFSC MODE_ACTUAL,2,0
0001BA EF?? F???      00337     GOTO FUNCIO_MODE_MANUAL
                      00338     
                      00339     
                      00340     ;NO ARRIBAR AQUI SI S'ESTA ENREGISTRANT
0001BE A481           00341     BTFSS PORTB,2,0
0001C0 EC?? F???      00342     CALL CONTROL_REBOTS_PLAY_BUTTON ;MIRAR SI PLAY
                      00343     
                      00344     
                      00345     
MPASM 5.86             NEWPIC_8B_GENERAL.ASM   3-10-2022  13:43:21         PAGE  8


LOC  OBJECT CODE     LINE SOURCE TEXT
  VALUE

0001C4 A281           00346     BTFSS PORTB,1,0;si actiu (0) canvi mode
0001C6 EC?? F???      00347     CALL POLSADOR_REBOTS_CANVI_A_AUTO
                      00348     ;canvi per P EUSART.
0001CA AA9E           00349     BTFSS PIR1,RCIF,0
0001CC EF?? F???      00350     GOTO END_LOOP_MAIN;no eusart
0001D0 50AE           00351     MOVF RCREG,0,0
0001D2 6E0B           00352     MOVWF EUSART_INPUT,0
0001D4 0E50           00353     MOVLW 'P'
0001D6 620B           00354     CPFSEQ EUSART_INPUT,0
0001D8 EF?? F???      00355     GOTO END_LOOP_MAIN
0001DC 8E0A           00356     BSF MODE_ACTUAL,7,0;activem mode auto
0001DE 8C0A           00357     BSF MODE_ACTUAL,6,0;ACTIVEM AUTO AMB P JA REBUDA
0001E0 EF?? F???      00358     GOTO END_LOOP_MAIN
                      00359         
0001E4                00360 POLSADOR_REBOTS_CANVI_A_AUTO
0001E4 EC?? F???      00361   CALL ESPERA_meitat
0001E8 EC?? F???      00362   CALL ESPERA_meitat
0001EC B281           00363   BTFSC PORTB,1,0
0001EE 0012           00364   RETURN
0001F0 8E0A           00365   BSF MODE_ACTUAL,7,0   ;OKOKOKOKOK
Warning[207]: Found label after column 1. (ESPERA_DESCLICAR_CANVI_A_AUTO)
0001F2                00366     ESPERA_DESCLICAR_CANVI_A_AUTO
0001F2 A281           00367       BTFSS PORTB,1,0
0001F4 EF?? F???      00368       GOTO ESPERA_DESCLICAR_CANVI_A_AUTO
0001F8 0012           00369       RETURN
                      00370   
0001FA                00371 POLSADOR_REBOTS_CANVI_A_MANUAL
0001FA EC?? F???      00372   CALL ESPERA_meitat
0001FE EC?? F???      00373   CALL ESPERA_meitat
000202 B281           00374   BTFSC PORTB,1,0
000204 0012           00375   RETURN
000206 9E0A           00376   BCF MODE_ACTUAL,7,0   ;OKOKOKOKOK
Warning[207]: Found label after column 1. (ESPERA_DESCLICAR_CANVI_A_MANUAL)
000208                00377     ESPERA_DESCLICAR_CANVI_A_MANUAL
000208 A281           00378       BTFSS PORTB,1,0
00020A EF?? F???      00379       GOTO ESPERA_DESCLICAR_CANVI_A_MANUAL
00020E 0012           00380       RETURN
                      00381     
000210                00382 MOVIMENT_JOYSTICK
                      00383     
000210 EC?? F???      00384     CALL PICAR_NOTA
000214 6A8C           00385     CLRF LATD,0
000216 980A           00386     BCF MODE_ACTUAL,4,0
                      00387 
000218 84C2           00388     BSF ADCON0,CHS0,0   ;activar hoystick X PORTA0 per lectura
Warning[207]: Found label after column 1. (LOOP_ANALOG)
00021A                00389     LOOP_ANALOG
00021A 82C2           00390         BSF ADCON0, 1, 0  ;Fem la conversió
Warning[207]: Found label after column 1. (LOOP_CONVER)
00021C                00391         LOOP_CONVER
00021C B2C2           00392             BTFSC ADCON0, 1, 0  ;Esperem a que es faci la conversió i mirem què obtenim
00021E EF?? F???      00393             GOTO LOOP_CONVER
000222 CFC4 F00E      00394         MOVFF ADRESH, VAR_CONVER  ;Passem la conversió a la nostra variable
MPASM 5.86             NEWPIC_8B_GENERAL.ASM   3-10-2022  13:43:21         PAGE  9


LOC  OBJECT CODE     LINE SOURCE TEXT
  VALUE

000226 0EC8           00395         MOVLW .200
000228 600E           00396         CPFSLT VAR_CONVER, 0
00022A EC?? F???      00397         CALL INCREMENT_ANALOG  ;Si estem per sobre de 240 incrementem PWM
00022E 0E0F           00398         MOVLW .15
000230 640E           00399         CPFSGT VAR_CONVER, 0
000232 EC?? F???      00400         CALL DECREMENT_ANALOG  ;Si estem per sota de 15 decrementem PWM
000236 0012           00401     RETURN
000238                00402 INCREMENT_ANALOG
000238 0E7B           00403         MOVLW .123;144=7notes+39init
00023A 5C10           00404         SUBWF PWM_VAR, 0, 0
00023C A4D8           00405         BTFSS STATUS, Z, 0  ;Si la suma no dona 0, decrementem
00023E EC?? F???      00406         CALL SUMA
Warning[207]: Found label after column 1. (LOOP_WAIT)
000242                00407         LOOP_WAIT
000242 82C2           00408             BSF ADCON0, 1, 0  ;Fem la conversió
Warning[207]: Found label after column 1. (LOOP_CWAIT)
000244                00409             LOOP_CWAIT
000244 B2C2           00410                 BTFSC ADCON0, 1, 0  ;Esperem a que es faci la conversió i mirem què obtenim
000246 EF?? F???      00411                 GOTO LOOP_CWAIT
00024A CFC4 F00F      00412                 MOVFF ADRESH, VAR_COMP  ;Passem la conversió a la nostra variable
00024E 0E8C           00413                 MOVLW .140
000250 5C0F           00414                 SUBWF VAR_COMP, 0, 0
000252 A8D8           00415                 BTFSS STATUS, N, 0  ;Si es negatiu vol dir que ja esta a la posicio inicial
000254 EF?? F???      00416             GOTO LOOP_WAIT      
                      00417         
000258 0012           00418         RETURN
00025A                00419 DECREMENT_ANALOG
00025A 0E27           00420     MOVLW .39
00025C 5C10           00421     SUBWF PWM_VAR, 0, 0
00025E A4D8           00422     BTFSS STATUS, Z, 0  ;Si la resta no dona 0, decrementem
000260 EC?? F???      00423     CALL RESTA
Warning[207]: Found label after column 1. (LOOP_WAITD)
000264                00424     LOOP_WAITD  ;Esperem a que el joystick torni a la seva posició
000264 82C2           00425         BSF ADCON0, 1, 0  ;Fem la conversió
Warning[207]: Found label after column 1. (LOOP_DWAIT)
000266                00426         LOOP_DWAIT
000266 B2C2           00427             BTFSC ADCON0, 1, 0  ;Esperem a que es faci la conversió i mirem què obtenim
000268 EF?? F???      00428             GOTO LOOP_DWAIT
00026C CFC4 F00F      00429             MOVFF ADRESH, VAR_COMP  ;Passem la conversió a la nostra variable
000270 0E64           00430             MOVLW .100
000272 5C0F           00431             SUBWF VAR_COMP, 0, 0
000274 B8D8           00432             BTFSC STATUS, N, 0
000276 EF?? F???      00433         GOTO LOOP_WAITD
00027A 0012           00434     RETURN
00027C                00435 SUMA
00027C 0E0C           00436     MOVLW .12;increment pos
00027E 2610           00437     ADDWF PWM_VAR, 1, 0  ;Hem de sumar 5 graus cada vegada
000280 0012           00438     RETURN
000282                00439 RESTA
000282 0E0C           00440     MOVLW .12;dec pos
000284 5E10           00441     SUBWF PWM_VAR, 1, 0  ;Hem de restar 5 graus cada vegada
000286 0012           00442     RETURN
                      00443     
MPASM 5.86             NEWPIC_8B_GENERAL.ASM   3-10-2022  13:43:21         PAGE 10


LOC  OBJECT CODE     LINE SOURCE TEXT
  VALUE

                      00444     
                      00445     
                      00446     
                      00447     
                      00448     
                      00449     
                      00450     
                      00451     
                      00452     
000288                00453 PICAR_NOTA
000288 880A           00454    BSF MODE_ACTUAL,4,0
                      00455     
00028A 94C2           00456    BCF ADCON0,CHS0,0;joystick Y AN0
00028C 82C2           00457    BSF ADCON0,1,0 ; Comencem la conversió
Warning[207]: Found label after column 1. (ESPERA_CONVERSIO)
00028E                00458    ESPERA_CONVERSIO
00028E B2C2           00459    BTFSC ADCON0,1,0
000290 EF?? F???      00460    GOTO ESPERA_CONVERSIO
                      00461    
000294 6A13           00462     CLRF TMP,0
000296 6A14           00463     CLRF TMP2,0
000298                00464 BUCLE_T
000298 5013           00465     MOVF TMP,0
00029A 64C4           00466     CPFSGT ADRESH,0
00029C EF?? F???      00467     GOTO T_TROBAT
0002A0 2A13           00468     INCF TMP,1,0
0002A2 B0D8           00469     BTFSC STATUS,C,0;val C per TMP?
0002A4 EF?? F???      00470     GOTO T_TROBAT
0002A8 2A14           00471     INCF TMP2,1,0
                      00472     
0002AA 5013           00473     MOVF TMP,0
0002AC 64C4           00474     CPFSGT ADRESH,0
0002AE EF?? F???      00475     GOTO T_TROBAT
0002B2 2A13           00476     INCF TMP,1,0
0002B4 2A13           00477     INCF TMP,1,0
0002B6 B0D8           00478     BTFSC STATUS,C,0;val C per TMP?
0002B8 EF?? F???      00479     GOTO T_TROBAT
0002BC 2A14           00480     INCF TMP2,1,0
0002BE EF?? F???      00481     GOTO BUCLE_T
0002C2                00482 T_TROBAT
                      00483     ;ENCENDRE NOTA
0002C2 0E05           00484     MOVLW .5
0002C4 6414           00485     CPFSGT TMP2
0002C6 EF?? F???      00486     GOTO CAGARRO2
0002CA EF?? F???      00487     GOTO CAGARRO
                      00488     
Warning[207]: Found label after column 1. (CAGARRO2)
0002CE                00489     CAGARRO2
0002CE EC?? F???      00490     CALL MOSTRAR_NOTA
                      00491     
0002D2 B40A           00492     BTFSC MODE_ACTUAL,2,0; SI ESTEM ENREGISTRANT, GUARDAR LA NOTA mode manual-joystick
0002D4 EC?? F???      00493         CALL ENREGISTRAR
                      00494     
MPASM 5.86             NEWPIC_8B_GENERAL.ASM   3-10-2022  13:43:21         PAGE 11


LOC  OBJECT CODE     LINE SOURCE TEXT
  VALUE

Warning[207]: Found label after column 1. (CAGARRO)
0002D8                00495     CAGARRO
                      00496     ;filtre maxim
0002D8 0E27           00497     MOVLW .39;posicio minima joystick Y
0002DA 6414           00498     CPFSGT TMP2,0
0002DC EC?? F???      00499     CALL CORREGIR
                      00500     
Warning[207]: Found label after column 1. (FINAL_T)
0002E0                00501     FINAL_T
                      00502     ;ENVIAR POSICIO
0002E0 C014 F017      00503     MOVFF TMP2, PWM_VAR2
0002E4 880A           00504     BSF MODE_ACTUAL,4,0
                      00505     
0002E6 0012           00506     RETURN
                      00507     
0002E8                00508 CORREGIR
0002E8 0E27           00509     MOVLW .39;posicio minima joystick Y
0002EA 6E14           00510     MOVWF TMP2,0
Warning[203]: Found opcode in column 1. (RETURN)
0002EC 0012           00511 RETURN
                      00512     
0002EE                00513 MOSTRAR_NOTA
0002EE 0E28           00514     MOVLW .40;VALOR_INIT+1
0002F0 6410           00515     CPFSGT PWM_VAR,0
0002F2 EF?? F???      00516         GOTO MOSTRA_C
0002F6 0E34           00517     MOVLW .52;VALOR_INIT+1+NOTA
0002F8 6410           00518     CPFSGT PWM_VAR,0
0002FA EF?? F???      00519         GOTO MOSTRA_D
0002FE 0E40           00520     MOVLW .64;...
000300 6410           00521     CPFSGT PWM_VAR,0
000302 EF?? F???      00522         GOTO MOSTRA_E
000306 0E4C           00523     MOVLW .76
000308 6410           00524     CPFSGT PWM_VAR,0
00030A EF?? F???      00525         GOTO MOSTRA_F
00030E 0E58           00526     MOVLW .88
000310 6410           00527     CPFSGT PWM_VAR,0
000312 EF?? F???      00528         GOTO MOSTRA_G
000316 0E64           00529     MOVLW .100
000318 6410           00530     CPFSGT PWM_VAR,0
00031A EF?? F???      00531         GOTO MOSTRA_A
00031E 0E70           00532     MOVLW .112
000320 6410           00533     CPFSGT PWM_VAR,0
000322 EF?? F???      00534         GOTO MOSTRA_B
000326 EF?? F???      00535         GOTO MOSTRA_C_MENOR
                      00536 
Warning[207]: Found label after column 1. (MOSTRA_A)
00032A                00537         MOSTRA_A
00032A C005 FF8C      00538             MOVFF SEVEN_SEG_A, LATD
00032E 0E41           00539             MOVLW 'A'
000330 6E1C           00540             MOVWF ULTIMA_NOTA,0
000332 0012           00541         RETURN
Warning[207]: Found label after column 1. (MOSTRA_B)
000334                00542         MOSTRA_B
MPASM 5.86             NEWPIC_8B_GENERAL.ASM   3-10-2022  13:43:21         PAGE 12


LOC  OBJECT CODE     LINE SOURCE TEXT
  VALUE

000334 C006 FF8C      00543             MOVFF SEVEN_SEG_B, LATD
000338 0E42           00544             MOVLW 'B'
00033A 6E1C           00545             MOVWF ULTIMA_NOTA, 0
00033C 0012           00546         RETURN
Warning[207]: Found label after column 1. (MOSTRA_C)
00033E                00547         MOSTRA_C
00033E C000 FF8C      00548             MOVFF SEVEN_SEG_C, LATD
000342 0E43           00549             MOVLW 'C'
000344 6E1C           00550             MOVWF ULTIMA_NOTA, 0
000346 0012           00551         RETURN
Warning[207]: Found label after column 1. (MOSTRA_D)
000348                00552         MOSTRA_D
000348 C001 FF8C      00553             MOVFF SEVEN_SEG_D, LATD
00034C 0E44           00554             MOVLW 'D' 
00034E 6E1C           00555             MOVWF ULTIMA_NOTA, 0
000350 0012           00556         RETURN
Warning[207]: Found label after column 1. (MOSTRA_E)
000352                00557         MOSTRA_E
000352 C002 FF8C      00558             MOVFF SEVEN_SEG_E,LATD
000356 0E45           00559             MOVLW 'E'
000358 6E1C           00560             MOVWF ULTIMA_NOTA, 0
00035A 0012           00561         RETURN
Warning[207]: Found label after column 1. (MOSTRA_F)
00035C                00562         MOSTRA_F
00035C C003 FF8C      00563             MOVFF SEVEN_SEG_F,LATD
000360 0E46           00564             MOVLW 'F'
000362 6E1C           00565             MOVWF ULTIMA_NOTA, 0
000364 0012           00566         RETURN
Warning[207]: Found label after column 1. (MOSTRA_G)
000366                00567         MOSTRA_G
000366 C004 FF8C      00568             MOVFF SEVEN_SEG_G,LATD
00036A 0E47           00569             MOVLW 'G'
00036C 6E1C           00570             MOVWF ULTIMA_NOTA, 0
00036E 0012           00571         RETURN
Warning[207]: Found label after column 1. (MOSTRA_C_MENOR)
000370                00572         MOSTRA_C_MENOR
000370 C007 FF8C      00573             MOVFF SEVEN_SEG_C_MENOR,LATD
000374 0E63           00574             MOVLW 'c'
000376 6E1C           00575             MOVWF ULTIMA_NOTA, 0
000378 0012           00576         RETURN
                      00577     
                      00578     
                      00579     
                      00580     
                      00581     
                      00582     
00037A                00583 MIRA_MODE_ENTRADA
00037A B681           00584     BTFSC PORTB,3,0
00037C 0012           00585     RETURN
00037E EC?? F???      00586     CALL ESPERA_meitat
000382 EC?? F???      00587     CALL ESPERA_meitat
000386 A681           00588     BTFSS PORTB,3,0
000388 EF?? F???      00589     GOTO ESPERA_DESCLICAR_MODE_TOCAR
MPASM 5.86             NEWPIC_8B_GENERAL.ASM   3-10-2022  13:43:21         PAGE 13


LOC  OBJECT CODE     LINE SOURCE TEXT
  VALUE

00038C 0012           00590     RETURN
                      00591     
Warning[207]: Found label after column 1. (ESPERA_DESCLICAR_MODE_TOCAR)
00038E                00592     ESPERA_DESCLICAR_MODE_TOCAR
00038E A681           00593     BTFSS PORTB,3,0
000390 EF?? F???      00594     GOTO ESPERA_DESCLICAR_MODE_TOCAR
                      00595     
000394 B60A           00596     BTFSC MODE_ACTUAL, 3, 0
000396 EF?? F???      00597     GOTO RECORD
                      00598 
00039A 7A0A           00599     BTG MODE_ACTUAL,5,0;FLAG JOYSTICK O JAVA
00039C 768B           00600     BTG LATC,3,0
00039E 0012           00601     RETURN
                      00602     
Warning[207]: Found label after column 1. (RECORD)
0003A0                00603     RECORD
0003A0 960A           00604         BCF MODE_ACTUAL, 3, 0;Resetegem flag
0003A2 740A           00605         BTG MODE_ACTUAL,2,0
0003A4 0EBF           00606         MOVLW b'10111111'  ;Netegem 191 --> 64*3 = 192
0003A6 6E1D           00607         MOVWF COMPTADOR_RAM,0
                      00608         
                      00609         ;NETEJAR RAM
0003A8 6AE1           00610         CLRF FSR1L,0
Warning[207]: Found label after column 1. (BUCLE_NETEJA_RAM)
0003AA                00611         BUCLE_NETEJA_RAM
0003AA 0E00           00612             MOVLW b'00000000'
0003AC 6EE6           00613             MOVWF POSTINC1,0
0003AE 2E1D           00614             DECFSZ COMPTADOR_RAM,1,0
0003B0 EF?? F???      00615             GOTO BUCLE_NETEJA_RAM
0003B4 6AE1           00616     CLRF FSR1L,0
0003B6 0012           00617     RETURN
                      00618     
0003B8                00619 ESPERA_TX
0003B8 A2AC           00620     BTFSS TXSTA,TRMT,0
0003BA EF?? F???      00621     GOTO ESPERA_TX
0003BE 0012           00622     RETURN   
                      00623     
0003C0                00624 MOVIMENT_JAVA_MANUAL
0003C0 AA9E           00625     BTFSS PIR1,RCIF,0
0003C2 0012           00626     RETURN
0003C4 50AE           00627     MOVF RCREG,0,0
0003C6 6E0B           00628     MOVWF EUSART_INPUT,0
                      00629     
Warning[208]: Label truncated at 32 characters. (MOVIMENT_JAVA_MANUAL_SI_ENREGISTRAR_TAMBE)
0003C8                00630 MOVIMENT_JAVA_MANUAL_SI_ENREGISTRAR_TAMBE
                      00631     
0003C8 980A           00632     BCF MODE_ACTUAL,4,0;CANVI SERVO TOCANT
0003CA 6A8C           00633     CLRF LATD,0
0003CC 0E43           00634     MOVLW 'C'
0003CE 620B           00635     CPFSEQ EUSART_INPUT,0
0003D0 EF?? F???      00636     GOTO NEXT_C
0003D4 0E27           00637     MOVLW .39;valor init C
0003D6 6E10           00638     MOVWF PWM_VAR
MPASM 5.86             NEWPIC_8B_GENERAL.ASM   3-10-2022  13:43:21         PAGE 14


LOC  OBJECT CODE     LINE SOURCE TEXT
  VALUE

0003D8 EF?? F???      00639     GOTO TROBAT_NOTA
0003DC                00640 NEXT_C
0003DC 0E44           00641     MOVLW 'D'
0003DE 620B           00642     CPFSEQ EUSART_INPUT,0
0003E0 EF?? F???      00643     GOTO NEXT_D
0003E4 0E33           00644     MOVLW .51;posicio D
0003E6 6E10           00645     MOVWF PWM_VAR
0003E8 EF?? F???      00646     GOTO TROBAT_NOTA
0003EC                00647 NEXT_D
0003EC 0E45           00648     MOVLW 'E'
0003EE 620B           00649     CPFSEQ EUSART_INPUT,0
0003F0 EF?? F???      00650     GOTO NEXT_E
0003F4 0E3F           00651     MOVLW .63;posicio E
0003F6 6E10           00652     MOVWF PWM_VAR
0003F8 EF?? F???      00653     GOTO TROBAT_NOTA
0003FC                00654 NEXT_E
0003FC 0E46           00655     MOVLW 'F'
0003FE 620B           00656     CPFSEQ EUSART_INPUT,0
000400 EF?? F???      00657     GOTO NEXT_F
000404 0E4B           00658     MOVLW .75;posicio F
000406 6E10           00659     MOVWF PWM_VAR
000408 EF?? F???      00660     GOTO TROBAT_NOTA
00040C                00661 NEXT_F
00040C 0E47           00662     MOVLW 'G'
00040E 620B           00663     CPFSEQ EUSART_INPUT,0
000410 EF?? F???      00664     GOTO NEXT_G
000414 0E57           00665     MOVLW .87;posicio G
000416 6E10           00666     MOVWF PWM_VAR
000418 EF?? F???      00667     GOTO TROBAT_NOTA
00041C                00668 NEXT_G
00041C 0E41           00669     MOVLW 'A'
00041E 620B           00670     CPFSEQ EUSART_INPUT,0
000420 EF?? F???      00671     GOTO NEXT_A
000424 0E63           00672     MOVLW .99;posicio A
000426 6E10           00673     MOVWF PWM_VAR
000428 EF?? F???      00674     GOTO TROBAT_NOTA
00042C                00675 NEXT_A
00042C 0E42           00676     MOVLW 'B'
00042E 620B           00677     CPFSEQ EUSART_INPUT,0
000430 EF?? F???      00678     GOTO NEXT_B
000434 0E6F           00679     MOVLW .111;posicio B
000436 6E10           00680     MOVWF PWM_VAR
000438 EF?? F???      00681     GOTO TROBAT_NOTA
00043C                00682 NEXT_B
00043C 0E63           00683     MOVLW 'c'
00043E 620B           00684     CPFSEQ EUSART_INPUT,0
000440 EF?? F???      00685     GOTO FAIL_INPUT
000444 0E7B           00686     MOVLW .123;posicio c'
000446 6E10           00687     MOVWF PWM_VAR
000448 EF?? F???      00688     GOTO TROBAT_NOTA
Warning[207]: Found label after column 1. (FAIL_INPUT)
00044C                00689     FAIL_INPUT
00044C 0012           00690         RETURN
MPASM 5.86             NEWPIC_8B_GENERAL.ASM   3-10-2022  13:43:21         PAGE 15


LOC  OBJECT CODE     LINE SOURCE TEXT
  VALUE

Warning[207]: Found label after column 1. (TROBAT_NOTA)
00044E                00691     TROBAT_NOTA
                      00692     
                      00693     ;BAIXAR EL BRAÇ------------------
                      00694     
                      00695     ;CALL MOSTRAR_NOTA ;DESCOMENTAR SI ES VOL VEURE LA NOTA ABANS
                      00696     
                      00697     ;ESPEREM X MOGUT -----llarg
00044E 0EFF           00698     MOVLW .255
000450 6E13           00699     MOVWF TMP,0
Warning[207]: Found label after column 1. (LOOP_ESPERA_X)
000452                00700     LOOP_ESPERA_X
000452 0EFF           00701         MOVLW .255
000454 6E14           00702         MOVWF TMP2,0
Warning[207]: Found label after column 1. (LOOP_ESPERA_X_2)
000456                00703         LOOP_ESPERA_X_2
000456 0E08           00704             MOVLW .8;TEMPS ESPERA ENTRE X I Y
000458 6E0C           00705             MOVWF TMP3,0
Warning[207]: Found label after column 1. (LOOP_ESPERA_X_3)
00045A                00706             LOOP_ESPERA_X_3
00045A 2E0C           00707                 DECFSZ TMP3,1,0
00045C EF?? F???      00708                 GOTO LOOP_ESPERA_X_3
000460 2E14           00709             DECFSZ TMP2,1,0
000462 EF?? F???      00710             GOTO LOOP_ESPERA_X_2
000466 2E13           00711         DECFSZ TMP,1,0
000468 EF?? F???      00712         GOTO LOOP_ESPERA_X
                      00713     
                      00714 ;MOVEM Y ABALL
00046C EC?? F???      00715     CALL MOSTRAR_NOTA
                      00716     
000470 0E27           00717     MOVLW .39;POSICIO ABALL
000472 6E17           00718     MOVWF PWM_VAR2
                      00719     
000474 880A           00720     BSF MODE_ACTUAL,4,0;activar PWM Y
                      00721     ;ESPEREM QUE BAIXI
                      00722     
000476 0EFF           00723     MOVLW .255
000478 6E13           00724     MOVWF TMP,0
Warning[207]: Found label after column 1. (LOOP_ESPERA_BAIXADA)
00047A                00725     LOOP_ESPERA_BAIXADA
00047A 0EFF           00726         MOVLW .255
00047C 6E14           00727         MOVWF TMP2,0
Warning[207]: Found label after column 1. (LOOP_ESPERA_BAIXADA_2)
00047E                00728         LOOP_ESPERA_BAIXADA_2
00047E 0E02           00729             MOVLW .2;TEMPS ESPERA ENTRE PUJAR I BAIXAR Y
000480 6E0C           00730             MOVWF TMP3
Warning[207]: Found label after column 1. (LOOP_ESPERA_BAIXADA_3)
000482                00731             LOOP_ESPERA_BAIXADA_3
000482 2E0C           00732                 DECFSZ TMP3,1,0
000484 EF?? F???      00733                 GOTO LOOP_ESPERA_BAIXADA_3
000488 2E14           00734             DECFSZ TMP2,1,0
00048A EF?? F???      00735             GOTO LOOP_ESPERA_BAIXADA_2
00048E 2E13           00736     DECFSZ TMP,1,0
MPASM 5.86             NEWPIC_8B_GENERAL.ASM   3-10-2022  13:43:21         PAGE 16


LOC  OBJECT CODE     LINE SOURCE TEXT
  VALUE

000490 EF?? F???      00737     GOTO LOOP_ESPERA_BAIXADA
                      00738     
                      00739     ;PUGEM Y
                      00740 
000494 0E37           00741     MOVLW .55;posicio elevada en manual-java
000496 6E17           00742     MOVWF PWM_VAR2,0
                      00743     
                      00744     ;gravar nota en mode pc-manual-eusart-sio
000498 B20A           00745     BTFSC MODE_ACTUAL,1,0
00049A EC?? F???      00746     CALL ENREGISTRAR
                      00747     
                      00748     
Warning[203]: Found opcode in column 1. (RETURN)
00049E 0012           00749 RETURN
                      00750     
                      00751 ;--------------mode automatic--------------
0004A0                00752 ENVIA_K
0004A0 0E4B           00753     MOVLW 'K'
0004A2 6EAD           00754     MOVWF TXREG,0
0004A4 EC?? F???      00755     CALL ESPERA_TX
Warning[203]: Found opcode in column 1. (RETURN)
0004A8 0012           00756 RETURN
                      00757     
                      00758     
0004AA                00759 FUNCIO_MODE_AUTOMATIC
0004AA 808B           00760     BSF LATC,0,0;blau
0004AC 968B           00761     BCF LATC,3,0
0004AE AC0A           00762     BTFSS MODE_ACTUAL,6,0
0004B0 EF?? F???      00763     GOTO PRE_AUTO_MODE
                      00764     
0004B4 AE20           00765     BTFSS FLAGS2,7,0
0004B6 EC?? F???      00766     CALL ENVIA_K
                      00767     
                      00768     ;INICI CANÇÓ
Warning[207]: Found label after column 1. (REPRODUINT_AUTO_BUCLE)
0004BA                00769     REPRODUINT_AUTO_BUCLE
                      00770         ;BSF FLAGS2,7,0 ;DESCOMENTAR  SI FA FALTA
                      00771         
0004BA EC?? F???      00772         CALL MOVIMENT_JAVA_MANUAL;EL MANUAL AMB JAVA JA ENS SERVEIX PEL AUTO
0004BE 6A8C           00773         CLRF LATD,0;NETEJA LA PANTALLA PER LA SEGUENT NOTA
                      00774         ;MIRAR SI S'HA ACABAT LA CANÇÓ
0004C0 0E53           00775         MOVLW 'S'
0004C2 620B           00776         CPFSEQ EUSART_INPUT,0
0004C4 EF?? F???      00777         GOTO REPRODUINT_AUTO_BUCLE;1: NO HA SALTAT
0004C8 9C0A           00778         BCF MODE_ACTUAL,6,0;netejar que espera una altra P per la seguent canço
Warning[207]: Found label after column 1. (FI_SONG)
0004CA                00779     FI_SONG
                      00780     
                      00781     ;BTFSS PORTB,1,0;si cliquen manual, activem manual
                      00782     ;CALL POLSADOR_REBOTS_CANVI_A_MANUAL
0004CA EF?? F???      00783     GOTO END_LOOP_MAIN
                      00784     
                      00785     
MPASM 5.86             NEWPIC_8B_GENERAL.ASM   3-10-2022  13:43:21         PAGE 17


LOC  OBJECT CODE     LINE SOURCE TEXT
  VALUE

Warning[207]: Found label after column 1. (PRE_AUTO_MODE)
0004CE                00786     PRE_AUTO_MODE
                      00787 
                      00788         ;mirar btn
0004CE B281           00789         BTFSC PORTB,1,0
0004D0 EF?? F???      00790         GOTO PRE_AUTO_MODE_CHECK_PLAY_BUTTON
0004D4 EC?? F???      00791         CALL POLSADOR_REBOTS_CANVI_A_MANUAL
0004D8 EF?? F???      00792         GOTO END_LOOP_MAIN
                      00793         
Warning[207]: Found label after column 1. (PRE_AUTO_MODE_CHECK_PLAY_BUTTON)
0004DC                00794         PRE_AUTO_MODE_CHECK_PLAY_BUTTON
0004DC A481           00795             BTFSS PORTB,2,0
0004DE EC?? F???      00796             CALL CONTROL_REBOTS_PLAY_BUTTON
                      00797         
Warning[207]: Found label after column 1. (PRE_AUTO_MODE_CHECK_PIR)
0004E2                00798         PRE_AUTO_MODE_CHECK_PIR
0004E2 AA9E           00799             BTFSS PIR1,RCIF,0
0004E4 EF?? F???      00800             GOTO PRE_AUTO_MODE;no eusart
0004E8 50AE           00801             MOVF RCREG,0,0
0004EA 6E0B           00802             MOVWF EUSART_INPUT,0
0004EC 0E50           00803             MOVLW 'P'
0004EE 620B           00804             CPFSEQ EUSART_INPUT,0
0004F0 EF?? F???      00805             GOTO PRE_AUTO_MODE
0004F4 8C0A           00806             BSF MODE_ACTUAL,6,0
0004F6 EF?? F???      00807             GOTO FUNCIO_MODE_AUTOMATIC
                      00808             
                      00809             
0004FA                00810 CONTROL_REBOTS_PLAY_BUTTON
0004FA EC?? F???      00811     CALL ESPERA_meitat
0004FE EC?? F???      00812     CALL ESPERA_meitat
000502 B481           00813     BTFSC PORTB,2,0
000504 0012           00814     RETURN    ;ERA FAKE NAH BRO
Warning[208]: Label truncated at 32 characters. (CONTROL_REBOTS_PLAY_BUTTON_DESCLICAR)
000506                00815 CONTROL_REBOTS_PLAY_BUTTON_DESCLICAR
000506 A481           00816     BTFSS PORTB,2,0
000508 EF?? F???      00817     GOTO CONTROL_REBOTS_PLAY_BUTTON_DESCLICAR       ;ENCARA CLICA EL RATA
Warning[208]: Label truncated at 32 characters. (CONTROL_REBOTS_PLAY_BUTTON_BAIXADA)
00050C                00818 CONTROL_REBOTS_PLAY_BUTTON_BAIXADA
00050C EC?? F???      00819     CALL ESPERA_meitat
000510 EC?? F???      00820     CALL ESPERA_meitat
000514 A481           00821     BTFSS PORTB,2,0                 ;EL MOLT PUTA ENS HA FET LA PUA, NO HA CLICAT EN REALITAT
000516 EF?? F???      00822     GOTO CONTROL_REBOTS_PLAY_BUTTON_BAIXADA
00051A EC?? F???      00823     CALL PLAY_RAM_SONG ;EL NOM DE LA FUNCIO AMB CALL/RETURN QUE REPRODUEIX EL QUE ESTIGUI A LA RAM
00051E 0012           00824     RETURN
                      00825 
000520                00826 ESPERA_meitat
000520 680C           00827     SETF TMP3,0
000522                00828 BUCLE_D_1
000522 680D           00829     SETF TMP4,0
000524                00830 BUCLE2_D_1
000524 2E0D           00831     DECFSZ TMP4,f,0
000526 EF?? F???      00832     GOTO BUCLE2_D_1
00052A 2E0C           00833     DECFSZ TMP3,f,0
MPASM 5.86             NEWPIC_8B_GENERAL.ASM   3-10-2022  13:43:21         PAGE 18


LOC  OBJECT CODE     LINE SOURCE TEXT
  VALUE

00052C EF?? F???      00834     GOTO BUCLE_D_1
000530 0012           00835     RETURN
                      00836  
                      00837     
000532                00838 PLAY_RAM_SONG
000532 820A           00839     BSF MODE_ACTUAL,1,0;FLAG REPRODUINT
000534 6AE1           00840     CLRF FSR1L, 0
Warning[207]: Found label after column 1. (LOOP_LLEGEIX)
000536                00841     LOOP_LLEGEIX
000536 CFE6 F024      00842         MOVFF POSTINC1, NOTA_RAM
00053A C024 FF8C      00843         MOVFF NOTA_RAM, LATD
00053E CFE6 F026      00844         MOVFF POSTINC1, TEMPS_LOW_RAM
000542 CFE6 F025      00845         MOVFF POSTINC1, TEMPS_HIGH_RAM
Warning[207]: Found label after column 1. (LOOP_TEMPS)
000546                00846         LOOP_TEMPS
000546 EC?? F???      00847             CALL ESPERA_MS
00054A B029           00848             BTFSC FLAG_TEMPS, 0, 0
00054C EF?? F???      00849             GOTO LAST_ITERACIO
000550 0626           00850             DECF TEMPS_LOW_RAM, 1, 0
000552 B4D8           00851             BTFSC STATUS, Z, 0 ;Mirem si hem arribat a 0
000554 EC?? F???      00852             CALL RESET_VARR
000558 EF?? F???      00853             GOTO LOOP_TEMPS
Warning[207]: Found label after column 1. (LAST_ITERACIO)
00055C                00854             LAST_ITERACIO
00055C 0626           00855             DECF TEMPS_LOW_RAM, 1, 0
00055E A4D8           00856             BTFSS STATUS, Z, 0 ;Si es ultima iteracio i arribem a 0, sortim
000560 EF?? F???      00857             GOTO LOOP_TEMPS
                      00858             
000564 C024 F00B      00859             MOVFF NOTA_RAM, EUSART_INPUT;PER APROFITAT LA FUNCIO QUE JA TENIM ENGANYEM D'ON ENS VE LA NO
                            TA
000568 EC?? F???      00860             CALL MOVIMENT_JAVA_MANUAL_SI_ENREGISTRAR_TAMBE
                      00861             
00056C 2E1D           00862         DECFSZ COMPTADOR_RAM, 1, 0  ;Llegim tot el que tenim guardat
00056E EF?? F???      00863         GOTO LOOP_LLEGEIX
000572 6A29           00864         CLRF FLAG_TEMPS, 0
000574 920A           00865         BCF MODE_ACTUAL,1,0;FLAG REPRODUINT
                      00866         
000576 0012           00867     RETURN
                      00868 
000578                00869 RESET_VARR
000578 0EFF           00870     MOVLW .255
00057A 6E26           00871     MOVWF TEMPS_LOW_RAM
00057C 0625           00872     DECF TEMPS_HIGH_RAM, 1, 0
00057E B4D8           00873     BTFSC STATUS, Z, 0 ;Mirem si hem arribat a 0
000580 8029           00874     BSF FLAG_TEMPS, 0, 0
000582 0012           00875     RETURN
                      00876     
000584                00877 ESPERA_MS ;1ms --> 10.000 cicles
000584 0E0C           00878     MOVLW HIGH(.3325)    ;1 cicle
000586 6E28           00879     MOVWF FLAG_ESPERAH, 0     ;1 cicle
000588 0EFD           00880     MOVLW LOW(.3325)    ;1 cicle
00058A 6E27           00881     MOVWF FLAG_ESPERAL, 0
Warning[207]: Found label after column 1. (LOOP_MS)
MPASM 5.86             NEWPIC_8B_GENERAL.ASM   3-10-2022  13:43:21         PAGE 19


LOC  OBJECT CODE     LINE SOURCE TEXT
  VALUE

00058C                00882     LOOP_MS
00058C 4E27           00883         DCFSNZ FLAG_ESPERAL, 1, 0
00058E 2E28           00884         DECFSZ FLAG_ESPERAH, 1, 0  ;Iteracio sense salt = 3 cicles
000590 EF?? F???      00885         GOTO LOOP_MS           ;Iteracio amb salt = 2 cicles
                      00886                                    ;10000-2-2-1-1-22  --> 3*(x-1)+2 = 9982   x = 3325
000594 0000           00887     NOP  ;1 cicle
000596 0000           00888     NOP  ;1 cicle
000598 0012           00889     RETURN  ;2 cicles 
                      00890 
                      00891 ;--------------------------------------MAIN-------------------------------------
00059A                00892 MAIN
                      00893 
00059A EC?? F???      00894     CALL CONFIG_PORTS
00059E EC?? F???      00895     CALL INIT_VARS
0005A2 EC?? F???      00896     CALL INIT_EUSART
0005A6 EC?? F???      00897     CALL CONFIG_INTERRUPTS
0005AA EC?? F???      00898     CALL CONFIG_TIMER
0005AE EC?? F???      00899     CALL CONFIG_ADC
                      00900 
0005B2                00901 LOOP_MAIN;bucle del programa
                      00902     ;entrar als modes
                      00903     ;nota: els canvis de modes es fan dins els funcio_mode_xxxx
0005B2 AE0A           00904     BTFSS MODE_ACTUAL,7,0
0005B4 EF?? F???      00905     GOTO FUNCIO_MODE_MANUAL;aqui manual
0005B8 EF?? F???      00906     GOTO FUNCIO_MODE_AUTOMATIC;aqui auto
                      00907     
                      00908     
                      00909     
                      00910     
                      00911     
Warning[207]: Found label after column 1. (END_LOOP_MAIN)
0005BC                00912     END_LOOP_MAIN
                      00913         ;netejar leds
0005BC 908B           00914         BCF LATC,0,0
0005BE 928B           00915         BCF LATC,1,0
0005C0 948B           00916         BCF LATC,2,0
0005C2 6A8C           00917         CLRF LATD,0
                      00918 
0005C4 EF?? F???      00919         GOTO LOOP_MAIN
Warning[205]: Found directive in column 1. (END)
                      00920 END
MPASM 5.86             NEWPIC_8B_GENERAL.ASM   3-10-2022  13:43:21         PAGE 20


SYMBOL TABLE
  LABEL                             VALUE 

A                                 00000000
ABDEN                             00000000
ABDOVF                            00000007
ACCESS                            00000000
ACKDT                             00000005
ACKEN                             00000004
ACKSTAT                           00000006
ACQT0                             00000003
ACQT1                             00000004
ACQT2                             00000005
ACTION_TMR                        000000C4
ADCON0                            00000FC2
ADCON1                            00000FC1
ADCON2                            00000FC0
ADCS0                             00000000
ADCS1                             00000001
ADCS2                             00000002
ADDEN                             00000003
ADEN                              00000003
ADFM                              00000007
ADIE                              00000006
ADIF                              00000006
ADIP                              00000006
ADMSK1                            00000001
ADMSK2                            00000002
ADMSK3                            00000003
ADMSK4                            00000004
ADMSK5                            00000005
ADON                              00000000
ADRES                             00000FC3
ADRESH                            00000FC4
ADRESL                            00000FC3
AN0                               00000000
AN1                               00000001
AN10                              00000001
AN11                              00000004
AN12                              00000000
AN2                               00000002
AN3                               00000003
AN4                               00000005
AN5                               00000000
AN6                               00000001
AN7                               00000002
AN8                               00000002
AN9                               00000003
BANKED                            00000001
BAUDCON                           00000FB8
BAUDCTL                           00000FB8
BCLIE                             00000003
BCLIF                             00000003
BCLIP                             00000003
BF                                00000000
BGST                              00000005
MPASM 5.86             NEWPIC_8B_GENERAL.ASM   3-10-2022  13:43:21         PAGE 21


SYMBOL TABLE
  LABEL                             VALUE 

BOR                               00000000
BRG16                             00000003
BRGH                              00000002
BSR                               00000FE0
BUCLE2_D_1                        00000524
BUCLE_D_1                         00000522
BUCLE_NETEJA_RAM                  000003AA
BUCLE_T                           00000298
C                                 00000000
C1INV                             00000004
C1N                               00000000
C1OUT_CMCON                       00000006
C1OUT_PORTA                       00000004
C1P                               00000003
C2INV                             00000005
C2N                               00000001
C2OUT_CMCON                       00000007
C2OUT_PORTA                       00000005
C2P                               00000002
CAGARRO                           000002D8
CAGARRO2                          000002CE
CARREGA_TIMER                     000000B2
CCP1                              00000002
CCP1CON                           00000FBD
CCP1IE                            00000002
CCP1IF                            00000002
CCP1IP                            00000002
CCP1M0                            00000000
CCP1M1                            00000001
CCP1M2                            00000002
CCP1M3                            00000003
CCP1X                             00000005
CCP1Y                             00000004
CCP2CON                           00000FBA
CCP2IE                            00000000
CCP2IF                            00000000
CCP2IP                            00000000
CCP2M0                            00000000
CCP2M1                            00000001
CCP2M2                            00000002
CCP2M3                            00000003
CCP2X                             00000005
CCP2Y                             00000004
CCP2_PORTB                        00000003
CCP2_PORTC                        00000001
CCPR1                             00000FBE
CCPR1H                            00000FBF
CCPR1L                            00000FBE
CCPR2                             00000FBB
CCPR2H                            00000FBC
CCPR2L                            00000FBB
CFGS                              00000006
CHS0                              00000002
MPASM 5.86             NEWPIC_8B_GENERAL.ASM   3-10-2022  13:43:21         PAGE 22


SYMBOL TABLE
  LABEL                             VALUE 

CHS1                              00000003
CHS2                              00000004
CHS3                              00000005
CIS                               00000003
CK                                00000006
CKE                               00000006
CKP                               00000004
CLKI                              00000007
CLKO                              00000006
CM0                               00000000
CM1                               00000001
CM2                               00000002
CMCON                             00000FB4
CMIE                              00000006
CMIF                              00000006
CMIP                              00000006
COMPROVA_TEMPS_LOW                000000EA
COMPTADOR_RAM                     0000001D
COMPT_GRAUS                       00000012
COMPT_GRAUS2                      0000001A
CONFIG_ADC                        00000096
CONFIG_INTERRUPTS                 000000BC
CONFIG_PORTS                      00000022
CONFIG_TIMER                      000000A8
CONTROL_REBOTS_PLAY_BUTTON        000004FA
CONTROL_REBOTS_PLAY_BUTTON_BAIXA  0000050C
CONTROL_REBOTS_PLAY_BUTTON_DESCL  00000506
CORREGIR                          000002E8
CREN                              00000004
CS                                00000002
CSRC                              00000007
CVR0                              00000000
CVR1                              00000001
CVR2                              00000002
CVR3                              00000003
CVRCON                            00000FB5
CVREF                             00000002
CVREN                             00000007
CVROE                             00000006
CVRR                              00000005
CVRSS                             00000004
D                                 00000005
DC                                00000001
DC1B0                             00000004
DC1B1                             00000005
DC2B0                             00000004
DC2B1                             00000005
DDRA                              TRISA
DDRB                              TRISB
DDRC                              TRISC
DDRD                              TRISD
DDRE                              TRISE
DECREMENT_ANALOG                  0000025A
MPASM 5.86             NEWPIC_8B_GENERAL.ASM   3-10-2022  13:43:21         PAGE 23


SYMBOL TABLE
  LABEL                             VALUE 

DONE                              00000001
D_A                               00000005
D_NOT_A                           00000005
ECCP1AS                           00000FB6
ECCP1CON                          00000FBD
ECCP1DEL                          00000FB7
ECCPAS0                           00000004
ECCPAS1                           00000005
ECCPAS2                           00000006
ECCPASE                           00000007
EEADR                             00000FA9
EECON1                            00000FA6
EECON2                            00000FA7
EEDATA                            00000FA8
EEIE                              00000004
EEIF                              00000004
EEIP                              00000004
EEPGD                             00000007
END_LOOP_MAIN                     000005BC
ENREGISTRAR                       0000017C
ENVIA_K                           000004A0
ESPERA_CONVERSIO                  0000028E
ESPERA_DESCLICAR_CANVI_A_AUTO     000001F2
ESPERA_DESCLICAR_CANVI_A_MANUAL   00000208
ESPERA_DESCLICAR_MODE_TOCAR       0000038E
ESPERA_GRAUS                      0000014C
ESPERA_GRAUS2                     00000170
ESPERA_MS                         00000584
ESPERA_TX                         000003B8
ESPERA_meitat                     00000520
EUSART_INPUT                      0000000B
FAIL_INPUT                        0000044C
FAST                              00000001
FERR                              00000002
FINAL_T                           000002E0
FI_SONG                           000004CA
FLAGS2                            00000020
FLAGS3                            00000021
FLAGS4                            00000022
FLAG_ESPERAH                      00000028
FLAG_ESPERAL                      00000027
FLAG_TEMPS                        00000029
FLT0                              00000000
FLTS                              00000002
FREE                              00000004
FSR0                              00000000
FSR0H                             00000FEA
FSR0L                             00000FE9
FSR1                              00000001
FSR1H                             00000FE2
FSR1L                             00000FE1
FSR2                              00000002
FSR2H                             00000FDA
MPASM 5.86             NEWPIC_8B_GENERAL.ASM   3-10-2022  13:43:21         PAGE 24


SYMBOL TABLE
  LABEL                             VALUE 

FSR2L                             00000FD9
FUNCIO_MODE_AUTOMATIC             000004AA
FUNCIO_MODE_MANUAL                00000194
GCEN                              00000007
GIE                               00000007
GIEH                              00000007
GIEL                              00000006
GIE_GIEH                          00000007
GO                                00000001
GO_DONE                           00000001
GO_NOT_DONE                       00000001
HIGH_RSI                          0000001A
HLVDCON                           00000FD2
HLVDEN                            00000004
HLVDIE                            00000002
HLVDIF                            00000002
HLVDIN                            00000005
HLVDIP                            00000002
HLVDL0                            00000000
HLVDL1                            00000001
HLVDL2                            00000002
HLVDL3                            00000003
IBF                               00000007
IBOV                              00000005
IDLEN                             00000007
INCREMENTA_HIGH                   00000118
INCREMENTA_LOW                    000000F2
INCREMENTA_VAR                    00000124
INCREMENT_ANALOG                  00000238
INDF0                             00000FEF
INDF1                             00000FE7
INDF2                             00000FDF
INIT_EUSART                       00000082
INIT_VARS                         00000046
INT0                              00000000
INT0E                             00000004
INT0F                             00000001
INT0IE                            00000004
INT0IF                            00000001
INT1                              00000001
INT1E                             00000003
INT1F                             00000000
INT1IE                            00000003
INT1IF                            00000000
INT1IP                            00000006
INT1P                             00000006
INT2                              00000002
INT2E                             00000004
INT2F                             00000001
INT2IE                            00000004
INT2IF                            00000001
INT2IP                            00000007
INT2P                             00000007
MPASM 5.86             NEWPIC_8B_GENERAL.ASM   3-10-2022  13:43:21         PAGE 25


SYMBOL TABLE
  LABEL                             VALUE 

INTCON                            00000FF2
INTCON2                           00000FF1
INTCON3                           00000FF0
INTEDG0                           00000006
INTEDG1                           00000005
INTEDG2                           00000004
INTSRC                            00000007
IOFS                              00000002
IPEN                              00000007
IPR1                              00000F9F
IPR2                              00000FA2
IRCF0                             00000004
IRCF1                             00000005
IRCF2                             00000006
IRVST                             00000005
KBI0                              00000004
KBI1                              00000005
KBI2                              00000006
KBI3                              00000007
LAST_ITERACIO                     0000055C
LATA                              00000F89
LATA0                             00000000
LATA1                             00000001
LATA2                             00000002
LATA3                             00000003
LATA4                             00000004
LATA5                             00000005
LATA6                             00000006
LATA7                             00000007
LATB                              00000F8A
LATB0                             00000000
LATB1                             00000001
LATB2                             00000002
LATB3                             00000003
LATB4                             00000004
LATB5                             00000005
LATB6                             00000006
LATB7                             00000007
LATC                              00000F8B
LATC0                             00000000
LATC1                             00000001
LATC2                             00000002
LATC3                             00000003
LATC4                             00000004
LATC5                             00000005
LATC6                             00000006
LATC7                             00000007
LATD                              00000F8C
LATD0                             00000000
LATD1                             00000001
LATD2                             00000002
LATD3                             00000003
LATD4                             00000004
MPASM 5.86             NEWPIC_8B_GENERAL.ASM   3-10-2022  13:43:21         PAGE 26


SYMBOL TABLE
  LABEL                             VALUE 

LATD5                             00000005
LATD6                             00000006
LATD7                             00000007
LATE                              00000F8D
LATE0                             00000000
LATE1                             00000001
LATE2                             00000002
LOOP_ANALOG                       0000021A
LOOP_CONVER                       0000021C
LOOP_CWAIT                        00000244
LOOP_DWAIT                        00000266
LOOP_ESPERAPWM                    0000013A
LOOP_ESPERAPWM2                   0000015E
LOOP_ESPERA_BAIXADA               0000047A
LOOP_ESPERA_BAIXADA_2             0000047E
LOOP_ESPERA_BAIXADA_3             00000482
LOOP_ESPERA_X                     00000452
LOOP_ESPERA_X_2                   00000456
LOOP_ESPERA_X_3                   0000045A
LOOP_GRAUS                        00000150
LOOP_GRAUS2                       00000174
LOOP_LLEGEIX                      00000536
LOOP_MAIN                         000005B2
LOOP_MS                           0000058C
LOOP_TEMPS                        00000546
LOOP_WAIT                         00000242
LOOP_WAITD                        00000264
LVDCON                            00000FD2
LVDEN                             00000004
LVDIE                             00000002
LVDIF                             00000002
LVDIP                             00000002
LVDL0                             00000000
LVDL1                             00000001
LVDL2                             00000002
LVDL3                             00000003
LVV0                              00000000
LVV1                              00000001
LVV2                              00000002
LVV3                              00000003
MAIN                              0000059A
MCLR                              00000003
MIRA_MODE_ENTRADA                 0000037A
MODE_ACTUAL                       0000000A
MOSTRAR_NOTA                      000002EE
MOSTRA_A                          0000032A
MOSTRA_B                          00000334
MOSTRA_C                          0000033E
MOSTRA_C_MENOR                    00000370
MOSTRA_D                          00000348
MOSTRA_E                          00000352
MOSTRA_F                          0000035C
MOSTRA_G                          00000366
MPASM 5.86             NEWPIC_8B_GENERAL.ASM   3-10-2022  13:43:21         PAGE 27


SYMBOL TABLE
  LABEL                             VALUE 

MOVIMENT_JAVA_MANUAL              000003C0
MOVIMENT_JAVA_MANUAL_SI_ENREGIST  000003C8
MOVIMENT_JOYSTICK                 00000210
N                                 00000004
NEXT                              0000011A
NEXT_A                            0000042C
NEXT_B                            0000043C
NEXT_C                            000003DC
NEXT_D                            000003EC
NEXT_E                            000003FC
NEXT_F                            0000040C
NEXT_G                            0000041C
NOTA_RAM                          00000024
NOT_A                             00000005
NOT_ADDRESS                       00000005
NOT_BOR                           00000000
NOT_CS                            00000002
NOT_DONE                          00000001
NOT_MCLR                          00000003
NOT_PD                            00000002
NOT_POR                           00000001
NOT_RBPU                          00000007
NOT_RD                            00000000
NOT_RI                            00000004
NOT_SS                            00000005
NOT_T1SYNC                        00000002
NOT_T3SYNC                        00000002
NOT_TO                            00000003
NOT_W                             00000002
NOT_WR                            00000001
NOT_WRITE                         00000002
OBF                               00000006
OERR                              00000001
OFFSET                            00000023
OSC1                              00000007
OSC2                              00000006
OSCCON                            00000FD3
OSCFIE                            00000007
OSCFIF                            00000007
OSCFIP                            00000007
OSCTUNE                           00000F9B
OSTS                              00000003
OV                                00000003
OVER_FLOW                         00000104
P                                 00000004
P1A                               00000002
P1B                               00000005
P1C                               00000006
P1D                               00000007
P1M0                              00000006
P1M1                              00000007
PC                                00000FF9
PCFG0                             00000000
MPASM 5.86             NEWPIC_8B_GENERAL.ASM   3-10-2022  13:43:21         PAGE 28


SYMBOL TABLE
  LABEL                             VALUE 

PCFG1                             00000001
PCFG2                             00000002
PCFG3                             00000003
PCL                               00000FF9
PCLATH                            00000FFA
PCLATU                            00000FFB
PD                                00000002
PDC0                              00000000
PDC1                              00000001
PDC2                              00000002
PDC3                              00000003
PDC4                              00000004
PDC5                              00000005
PDC6                              00000006
PEIE                              00000006
PEIE_GIEL                         00000006
PEN                               00000002
PGC                               00000006
PGD                               00000007
PGM                               00000005
PICAR_NOTA                        00000288
PIE1                              00000F9D
PIE2                              00000FA0
PIR1                              00000F9E
PIR2                              00000FA1
PLAY_RAM_SONG                     00000532
PLLEN                             00000006
PLUSW0                            00000FEB
PLUSW1                            00000FE3
PLUSW2                            00000FDB
POLLANCRE                         000001A8
POLSADOR_REBOTS_CANVI_A_AUTO      000001E4
POLSADOR_REBOTS_CANVI_A_MANUAL    000001FA
POR                               00000001
PORTA                             00000F80
PORTB                             00000F81
PORTC                             00000F82
PORTD                             00000F83
PORTE                             00000F84
POSTDEC0                          00000FED
POSTDEC1                          00000FE5
POSTDEC2                          00000FDD
POSTINC0                          00000FEE
POSTINC1                          00000FE6
POSTINC2                          00000FDE
PR2                               00000FCB
PREINC0                           00000FEC
PREINC1                           00000FE4
PREINC2                           00000FDC
PRE_AUTO_MODE                     000004CE
PRE_AUTO_MODE_CHECK_PIR           000004E2
PRE_AUTO_MODE_CHECK_PLAY_BUTTON   000004DC
PROD                              00000FF3
MPASM 5.86             NEWPIC_8B_GENERAL.ASM   3-10-2022  13:43:21         PAGE 29


SYMBOL TABLE
  LABEL                             VALUE 

PRODH                             00000FF4
PRODL                             00000FF3
PRSEN                             00000007
PSA                               00000003
PSP0                              00000000
PSP1                              00000001
PSP2                              00000002
PSP3                              00000003
PSP4                              00000004
PSP5                              00000005
PSP6                              00000006
PSP7                              00000007
PSPIE                             00000007
PSPIF                             00000007
PSPIP                             00000007
PSPMODE                           00000004
PSSAC0                            00000002
PSSAC1                            00000003
PSSBD0                            00000000
PSSBD1                            00000001
PWM                               00000134
PWM1CON                           00000FB7
PWM2                              00000158
PWM_AUX                           00000011
PWM_AUX2                          00000018
PWM_VAR                           00000010
PWM_VAR2                          00000017
R                                 00000002
RA0                               00000000
RA1                               00000001
RA2                               00000002
RA3                               00000003
RA4                               00000004
RA5                               00000005
RA6                               00000006
RA7                               00000007
RB0                               00000000
RB1                               00000001
RB2                               00000002
RB3                               00000003
RB4                               00000004
RB5                               00000005
RB6                               00000006
RB7                               00000007
RBIE                              00000003
RBIF                              00000000
RBIP                              00000000
RBPU                              00000007
RC0                               00000000
RC1                               00000001
RC2                               00000002
RC3                               00000003
RC4                               00000004
MPASM 5.86             NEWPIC_8B_GENERAL.ASM   3-10-2022  13:43:21         PAGE 30


SYMBOL TABLE
  LABEL                             VALUE 

RC5                               00000005
RC6                               00000006
RC7                               00000007
RCEN                              00000003
RCIDL                             00000006
RCIE                              00000005
RCIF                              00000005
RCIP                              00000005
RCMT                              00000006
RCON                              00000FD0
RCREG                             00000FAE
RCSTA                             00000FAB
RD                                00000000
RD0                               00000000
RD1                               00000001
RD16                              00000007
RD2                               00000002
RD3                               00000003
RD4                               00000004
RD5                               00000005
RD6                               00000006
RD7                               00000007
RE0                               00000000
RE1                               00000001
RE2                               00000002
RE3                               00000003
RECORD                            000003A0
REPRODUINT_AUTO_BUCLE             000004BA
RESET_VAR                         00000130
RESET_VARR                        00000578
RESTA                             00000282
RI                                00000004
RSEN                              00000001
RX                                00000007
RX9                               00000006
RX9D                              00000000
RXDTP                             00000005
R_NOT_W                           00000002
R_W                               00000002
S                                 00000003
SBOREN                            00000006
SCK                               00000003
SCKP                              00000004
SCL                               00000003
SCS0                              00000000
SCS1                              00000001
SDA                               00000004
SDI                               00000004
SDO                               00000005
SEN                               00000000
SENDB                             00000003
SEVEN_SEG_A                       00000005
SEVEN_SEG_B                       00000006
MPASM 5.86             NEWPIC_8B_GENERAL.ASM   3-10-2022  13:43:21         PAGE 31


SYMBOL TABLE
  LABEL                             VALUE 

SEVEN_SEG_C                       00000000
SEVEN_SEG_C_MENOR                 00000007
SEVEN_SEG_D                       00000001
SEVEN_SEG_E                       00000002
SEVEN_SEG_F                       00000003
SEVEN_SEG_G                       00000004
SMP                               00000007
SP0                               00000000
SP1                               00000001
SP2                               00000002
SP3                               00000003
SP4                               00000004
SPBRG                             00000FAF
SPBRGH                            00000FB0
SPEN                              00000007
SREN                              00000005
SSPADD                            00000FC8
SSPBUF                            00000FC9
SSPCON1                           00000FC6
SSPCON2                           00000FC5
SSPEN                             00000005
SSPIE                             00000003
SSPIF                             00000003
SSPIP                             00000003
SSPM0                             00000000
SSPM1                             00000001
SSPM2                             00000002
SSPM3                             00000003
SSPOV                             00000006
SSPSTAT                           00000FC7
STATUS                            00000FD8
STKFUL                            00000007
STKOVF                            00000007
STKPTR                            00000FFC
STKUNF                            00000006
SUMA                              0000027C
SWDTE                             00000000
SWDTEN                            00000000
SYNC                              00000004
T016BIT                           00000006
T08BIT                            00000006
T0CKI                             00000004
T0CON                             00000FD5
T0CS                              00000005
T0IE                              00000005
T0IF                              00000002
T0PS0                             00000000
T0PS1                             00000001
T0PS2                             00000002
T0SE                              00000004
T13CKI                            00000000
T1CKI                             00000000
T1CKPS0                           00000004
MPASM 5.86             NEWPIC_8B_GENERAL.ASM   3-10-2022  13:43:21         PAGE 32


SYMBOL TABLE
  LABEL                             VALUE 

T1CKPS1                           00000005
T1CON                             00000FCD
T1OSCEN                           00000003
T1OSI                             00000001
T1OSO                             00000000
T1RUN                             00000006
T1SYNC                            00000002
T2CKPS0                           00000000
T2CKPS1                           00000001
T2CON                             00000FCA
T2OUTPS0                          00000003
T2OUTPS1                          00000004
T2OUTPS2                          00000005
T2OUTPS3                          00000006
T3CCP1                            00000003
T3CCP2                            00000006
T3CKPS0                           00000004
T3CKPS1                           00000005
T3CON                             00000FB1
T3SYNC                            00000002
TABLAT                            00000FF5
TBLPTR                            00000FF6
TBLPTRH                           00000FF7
TBLPTRL                           00000FF6
TBLPTRU                           00000FF8
TEMPS_HIGH                        0000001F
TEMPS_HIGH_RAM                    00000025
TEMPS_LOW                         0000001E
TEMPS_LOW_RAM                     00000026
TMP                               00000013
TMP2                              00000014
TMP3                              0000000C
TMP4                              0000000D
TMP_timer                         00000008
TMR0                              00000FD6
TMR0H                             00000FD7
TMR0IE                            00000005
TMR0IF                            00000002
TMR0IP                            00000002
TMR0L                             00000FD6
TMR0ON                            00000007
TMR1                              00000FCE
TMR1CS                            00000001
TMR1H                             00000FCF
TMR1IE                            00000000
TMR1IF                            00000000
TMR1IP                            00000000
TMR1L                             00000FCE
TMR1ON                            00000000
TMR2                              00000FCC
TMR2IE                            00000001
TMR2IF                            00000001
TMR2IP                            00000001
MPASM 5.86             NEWPIC_8B_GENERAL.ASM   3-10-2022  13:43:21         PAGE 33


SYMBOL TABLE
  LABEL                             VALUE 

TMR2ON                            00000002
TMR3                              00000FB2
TMR3CS                            00000001
TMR3H                             00000FB3
TMR3IE                            00000001
TMR3IF                            00000001
TMR3IP                            00000001
TMR3L                             00000FB2
TMR3ON                            00000000
TO                                00000003
TOS                               00000FFD
TOSH                              00000FFE
TOSL                              00000FFD
TOSU                              00000FFF
TOUTPS0                           00000003
TOUTPS1                           00000004
TOUTPS2                           00000005
TOUTPS3                           00000006
TRISA                             00000F92
TRISA0                            00000000
TRISA1                            00000001
TRISA2                            00000002
TRISA3                            00000003
TRISA4                            00000004
TRISA5                            00000005
TRISA6                            00000006
TRISA7                            00000007
TRISB                             00000F93
TRISB0                            00000000
TRISB1                            00000001
TRISB2                            00000002
TRISB3                            00000003
TRISB4                            00000004
TRISB5                            00000005
TRISB6                            00000006
TRISB7                            00000007
TRISC                             00000F94
TRISC0                            00000000
TRISC1                            00000001
TRISC2                            00000002
TRISC3                            00000003
TRISC4                            00000004
TRISC5                            00000005
TRISC6                            00000006
TRISC7                            00000007
TRISD                             00000F95
TRISD0                            00000000
TRISD1                            00000001
TRISD2                            00000002
TRISD3                            00000003
TRISD4                            00000004
TRISD5                            00000005
TRISD6                            00000006
MPASM 5.86             NEWPIC_8B_GENERAL.ASM   3-10-2022  13:43:21         PAGE 34


SYMBOL TABLE
  LABEL                             VALUE 

TRISD7                            00000007
TRISE                             00000F96
TRISE0                            00000000
TRISE1                            00000001
TRISE2                            00000002
TRMT                              00000001
TROBAT_NOTA                       0000044E
TUN0                              00000000
TUN1                              00000001
TUN2                              00000002
TUN3                              00000003
TUN4                              00000004
TX                                00000006
TX9                               00000006
TX9D                              00000000
TXCKP                             00000004
TXEN                              00000005
TXIE                              00000004
TXIF                              00000004
TXIP                              00000004
TXREG                             00000FAD
TXSTA                             00000FAC
T_TROBAT                          000002C2
UA                                00000001
ULTIMA_NOTA                       0000001C
VAR_COMP                          0000000F
VAR_COMP2                         00000016
VAR_CONVER                        0000000E
VAR_CONVER2                       00000015
VAR_TOKEN2                        0000001B
VCFG0                             00000004
VCFG1                             00000005
VDIRMAG                           00000007
VERD                              0000019E
VERMELL                           000001A4
VPP                               00000003
VREFM                             00000002
VREFP                             00000003
W                                 00000000
WCOL                              00000007
WDTCON                            00000FD1
WR                                00000001
WREG                              00000FE8
WREN                              00000002
WRERR                             00000003
WUE                               00000001
Z                                 00000002
_BBSIZ_BB1K_4L                    000000FF
_BBSIZ_BB256_4L                   000000CF
_BBSIZ_BB512_4L                   000000DF
_BORV_0_2L                        000000E7
_BORV_1_2L                        000000EF
_BORV_2_2L                        000000F7
MPASM 5.86             NEWPIC_8B_GENERAL.ASM   3-10-2022  13:43:21         PAGE 35


SYMBOL TABLE
  LABEL                             VALUE 

_BORV_3_2L                        000000FF
_BOR_NOSLP_2L                     000000FD
_BOR_OFF_2L                       000000F9
_BOR_ON_2L                        000000FF
_BOR_SOFT_2L                      000000FB
_CCP2MX_RB3_3H                    000000FE
_CCP2MX_RC1_3H                    000000FF
_CONFIG1H                         00300001
_CONFIG2H                         00300003
_CONFIG2L                         00300002
_CONFIG3H                         00300005
_CONFIG4L                         00300006
_CONFIG5H                         00300009
_CONFIG5L                         00300008
_CONFIG6H                         0030000B
_CONFIG6L                         0030000A
_CONFIG7H                         0030000D
_CONFIG7L                         0030000C
_CP0_OFF_5L                       000000FF
_CP0_ON_5L                        000000FE
_CP1_OFF_5L                       000000FF
_CP1_ON_5L                        000000FD
_CPB_OFF_5H                       000000FF
_CPB_ON_5H                        000000BF
_CPD_OFF_5H                       000000FF
_CPD_ON_5H                        0000007F
_DEBUG_OFF_4L                     000000FF
_DEBUG_ON_4L                      0000007F
_DEVID1                           003FFFFE
_DEVID2                           003FFFFF
_EBTR0_OFF_7L                     000000FF
_EBTR0_ON_7L                      000000FE
_EBTR1_OFF_7L                     000000FF
_EBTR1_ON_7L                      000000FD
_EBTRB_OFF_7H                     000000FF
_EBTRB_ON_7H                      000000BF
_FCMEN_OFF_1H                     000000BF
_FCMEN_ON_1H                      000000FF
_IDLOC0                           00200000
_IDLOC1                           00200001
_IDLOC2                           00200002
_IDLOC3                           00200003
_IDLOC4                           00200004
_IDLOC5                           00200005
_IDLOC6                           00200006
_IDLOC7                           00200007
_IESO_OFF_1H                      0000007F
_IESO_ON_1H                       000000FF
_LPT1OSC_OFF_3H                   000000FB
_LPT1OSC_ON_3H                    000000FF
_LVP_OFF_4L                       000000FB
_LVP_ON_4L                        000000FF
_MCLRE_OFF_3H                     0000007F
MPASM 5.86             NEWPIC_8B_GENERAL.ASM   3-10-2022  13:43:21         PAGE 36


SYMBOL TABLE
  LABEL                             VALUE 

_MCLRE_ON_3H                      000000FF
_OSC_ECIO_1H                      000000F5
_OSC_EC_1H                        000000F4
_OSC_HSPLL_1H                     000000F6
_OSC_HS_1H                        000000F2
_OSC_INTIO1_1H                    000000F9
_OSC_INTIO2_1H                    000000F8
_OSC_LP_1H                        000000F0
_OSC_RCIO_1H                      000000F7
_OSC_RC_1H                        000000F3
_OSC_XT_1H                        000000F1
_PBADEN_ANA_3H                    000000FF
_PBADEN_DIG_3H                    000000FD
_PWRT_OFF_2L                      000000FF
_PWRT_ON_2L                       000000FE
_STVREN_OFF_4L                    000000FE
_STVREN_ON_4L                     000000FF
_WDTPS_1024_2H                    000000F5
_WDTPS_128_2H                     000000EF
_WDTPS_16384_2H                   000000FD
_WDTPS_16_2H                      000000E9
_WDTPS_1_2H                       000000E1
_WDTPS_2048_2H                    000000F7
_WDTPS_256_2H                     000000F1
_WDTPS_2_2H                       000000E3
_WDTPS_32768_2H                   000000FF
_WDTPS_32_2H                      000000EB
_WDTPS_4096_2H                    000000F9
_WDTPS_4_2H                       000000E5
_WDTPS_512_2H                     000000F3
_WDTPS_64_2H                      000000ED
_WDTPS_8192_2H                    000000FB
_WDTPS_8_2H                       000000E7
_WDT_OFF_2H                       000000FE
_WDT_ON_2H                        000000FF
_WRT0_OFF_6L                      000000FF
_WRT0_ON_6L                       000000FE
_WRT1_OFF_6L                      000000FF
_WRT1_ON_6L                       000000FD
_WRTB_OFF_6H                      000000FF
_WRTB_ON_6H                       000000BF
_WRTC_OFF_6H                      000000FF
_WRTC_ON_6H                       000000DF
_WRTD_OFF_6H                      000000FF
_WRTD_ON_6H                       0000007F
_XINST_OFF_4L                     000000BF
_XINST_ON_4L                      000000FF
__18F4321                         00000001
__DEBUG                           
__MPLAB_DEBUGGER_PK3              1

MPASM 5.86             NEWPIC_8B_GENERAL.ASM   3-10-2022  13:43:21         PAGE 37





Errors   :     0
Warnings :    63 reported,     0 suppressed
Messages :     0 reported,     0 suppressed

